2018-01-08 15:50:46,650 - BluetoothListener - WARNING - No signals found in ./SignalFiles/IRSignals
2018-01-08 15:51:33,333 - BluetoothListener - WARNING - No signals found in ./SignalFiles/IRSignals
2018-01-08 16:46:44,958 - BluetoothListener - INFO - No errrors detected between bluetooth signal, sequences and IR-signals
2018-01-08 16:47:09,474 - BluetoothListener - INFO - No errrors detected between bluetooth signal, sequences and IR-signals
2018-01-08 16:47:22,051 - BluetoothListener - INFO - No errrors detected between bluetooth signal, sequences and IR-signals
2018-01-08 16:47:45,026 - BluetoothListener - INFO - No errrors detected between bluetooth signal, sequences and IR-signals
2018-01-08 16:48:21,796 - BluetoothListener - INFO - No errrors detected between bluetooth signal, sequences and IR-signals
2018-01-08 16:50:56,124 - BluetoothListener - INFO - No errrors detected between bluetooth signal, sequences and IR-signals
2018-01-08 16:51:22,874 - BluetoothListener - INFO - No errrors detected between bluetooth signal, sequences and IR-signals
2018-01-08 16:51:38,907 - BluetoothListener - INFO - No errrors detected between bluetooth signal, sequences and IR-signals
2018-01-08 16:51:56,066 - BluetoothListener - INFO - No errrors detected between bluetooth signal, sequences and IR-signals
2018-01-08 16:52:16,201 - BluetoothListener - INFO - No errrors detected between bluetooth signal, sequences and IR-signals
2018-01-08 16:52:29,937 - BluetoothListener - INFO - No errrors detected between bluetooth signal, sequences and IR-signals
2018-01-08 16:53:01,665 - BluetoothListener - INFO - No errrors detected between bluetooth signal, sequences and IR-signals
2018-01-08 16:53:52,247 - BluetoothListener - ERROR - Bluetooth signals continaed a value with parameter: 4 isntead of seq or sig
2018-01-08 16:53:52,250 - BluetoothListener - ERROR - Bluetooth signals continaed a value with parameter: 4 isntead of seq or sig
2018-01-08 16:53:52,252 - BluetoothListener - ERROR - Bluetooth signals continaed a value with parameter: 4 isntead of seq or sig
2018-01-08 16:53:52,253 - BluetoothListener - ERROR - Bluetooth signals continaed a value with parameter: 5 isntead of seq or sig
2018-01-08 16:53:52,254 - BluetoothListener - ERROR - Bluetooth signals continaed a value with parameter: 4 isntead of seq or sig
2018-01-08 16:53:52,255 - BluetoothListener - ERROR - Bluetooth signals continaed a value with parameter: 4 isntead of seq or sig
2018-01-08 16:53:52,256 - BluetoothListener - ERROR - Bluetooth signals continaed a value with parameter: 4 isntead of seq or sig
2018-01-08 16:53:52,257 - BluetoothListener - ERROR - Bluetooth signals continaed a value with parameter: 4 isntead of seq or sig
2018-01-08 16:53:52,258 - BluetoothListener - ERROR - Bluetooth signals continaed a value with parameter: 2 isntead of seq or sig
2018-01-08 16:53:52,259 - BluetoothListener - ERROR - Bluetooth signals continaed a value with parameter: 2 isntead of seq or sig
2018-01-08 16:53:52,260 - BluetoothListener - ERROR - Bluetooth signals continaed a value with parameter: 2 isntead of seq or sig
2018-01-08 16:53:52,261 - BluetoothListener - ERROR - Bluetooth signals continaed a value with parameter: 2 isntead of seq or sig
2018-01-08 16:53:52,262 - BluetoothListener - ERROR - Bluetooth signals continaed a value with parameter: 2 isntead of seq or sig
2018-01-08 16:53:52,262 - BluetoothListener - ERROR - Bluetooth signals continaed a value with parameter: 2 isntead of seq or sig
2018-01-08 16:53:52,263 - BluetoothListener - ERROR - Bluetooth signals continaed a value with parameter: 2 isntead of seq or sig
2018-01-08 16:53:52,264 - BluetoothListener - ERROR - Bluetooth signals continaed a value with parameter: 4 isntead of seq or sig
2018-01-08 16:53:52,265 - BluetoothListener - ERROR - Bluetooth signals continaed a value with parameter: 5 isntead of seq or sig
2018-01-08 16:53:52,265 - BluetoothListener - ERROR - Bluetooth signals continaed a value with parameter: 5 isntead of seq or sig
2018-01-08 16:53:52,266 - BluetoothListener - ERROR - Bluetooth signals continaed a value with parameter: 5 isntead of seq or sig
2018-01-08 16:53:52,267 - BluetoothListener - ERROR - Bluetooth signals continaed a value with parameter: 5 isntead of seq or sig
2018-01-08 16:53:52,268 - BluetoothListener - ERROR - Bluetooth signals continaed a value with parameter: 7 isntead of seq or sig
2018-01-08 16:53:52,269 - BluetoothListener - ERROR - Bluetooth signals continaed a value with parameter: 7 isntead of seq or sig
2018-01-08 16:53:52,269 - BluetoothListener - ERROR - Bluetooth signals continaed a value with parameter: 5 isntead of seq or sig
2018-01-08 16:53:52,270 - BluetoothListener - ERROR - Bluetooth signals continaed a value with parameter: 5 isntead of seq or sig
2018-01-08 16:53:52,271 - BluetoothListener - ERROR - Bluetooth signals continaed a value with parameter: 2 isntead of seq or sig
2018-01-08 16:53:52,272 - BluetoothListener - ERROR - Bluetooth signals continaed a value with parameter: 2 isntead of seq or sig
2018-01-08 16:53:52,275 - BluetoothListener - ERROR - Bluetooth signals continaed a value with parameter: 2 isntead of seq or sig
2018-01-08 16:53:52,276 - BluetoothListener - ERROR - A total of 27 errors found while testing bluetooth signals vs sequences and IR-Signals
2018-01-08 16:55:25,857 - BluetoothListener - ERROR - Bluetooth signals continaed a value with parameter: 4 isntead of seq or sig
2018-01-08 16:55:25,858 - BluetoothListener - ERROR - Bluetooth signals continaed a value with parameter: 4 isntead of seq or sig
2018-01-08 16:55:25,858 - BluetoothListener - ERROR - Bluetooth signals continaed a value with parameter: 4 isntead of seq or sig
2018-01-08 16:55:25,859 - BluetoothListener - ERROR - Bluetooth signals continaed a value with parameter: 5 isntead of seq or sig
2018-01-08 16:55:25,859 - BluetoothListener - ERROR - Bluetooth signals continaed a value with parameter: 4 isntead of seq or sig
2018-01-08 16:55:25,860 - BluetoothListener - ERROR - Bluetooth signals continaed a value with parameter: 4 isntead of seq or sig
2018-01-08 16:55:25,860 - BluetoothListener - ERROR - Bluetooth signals continaed a value with parameter: 4 isntead of seq or sig
2018-01-08 16:55:25,861 - BluetoothListener - ERROR - Bluetooth signals continaed a value with parameter: 4 isntead of seq or sig
2018-01-08 16:55:25,861 - BluetoothListener - ERROR - Bluetooth signals continaed a value with parameter: 2 isntead of seq or sig
2018-01-08 16:55:25,861 - BluetoothListener - ERROR - Bluetooth signals continaed a value with parameter: 2 isntead of seq or sig
2018-01-08 16:55:25,862 - BluetoothListener - ERROR - Bluetooth signals continaed a value with parameter: 2 isntead of seq or sig
2018-01-08 16:55:25,862 - BluetoothListener - ERROR - Bluetooth signals continaed a value with parameter: 2 isntead of seq or sig
2018-01-08 16:55:25,863 - BluetoothListener - ERROR - Bluetooth signals continaed a value with parameter: 2 isntead of seq or sig
2018-01-08 16:55:25,863 - BluetoothListener - ERROR - Bluetooth signals continaed a value with parameter: 2 isntead of seq or sig
2018-01-08 16:55:25,864 - BluetoothListener - ERROR - Bluetooth signals continaed a value with parameter: 2 isntead of seq or sig
2018-01-08 16:55:25,864 - BluetoothListener - ERROR - Bluetooth signals continaed a value with parameter: 4 isntead of seq or sig
2018-01-08 16:55:25,865 - BluetoothListener - ERROR - Bluetooth signals continaed a value with parameter: 5 isntead of seq or sig
2018-01-08 16:55:25,866 - BluetoothListener - ERROR - Bluetooth signals continaed a value with parameter: 5 isntead of seq or sig
2018-01-08 16:55:25,866 - BluetoothListener - ERROR - Bluetooth signals continaed a value with parameter: 5 isntead of seq or sig
2018-01-08 16:55:25,867 - BluetoothListener - ERROR - Bluetooth signals continaed a value with parameter: 5 isntead of seq or sig
2018-01-08 16:55:25,867 - BluetoothListener - ERROR - Bluetooth signals continaed a value with parameter: 7 isntead of seq or sig
2018-01-08 16:55:25,868 - BluetoothListener - ERROR - Bluetooth signals continaed a value with parameter: 7 isntead of seq or sig
2018-01-08 16:55:25,868 - BluetoothListener - ERROR - Bluetooth signals continaed a value with parameter: 5 isntead of seq or sig
2018-01-08 16:55:25,869 - BluetoothListener - ERROR - Bluetooth signals continaed a value with parameter: 5 isntead of seq or sig
2018-01-08 16:55:25,869 - BluetoothListener - ERROR - Bluetooth signals continaed a value with parameter: 2 isntead of seq or sig
2018-01-08 16:55:25,870 - BluetoothListener - ERROR - Bluetooth signals continaed a value with parameter: 2 isntead of seq or sig
2018-01-08 16:55:25,870 - BluetoothListener - ERROR - Bluetooth signals continaed a value with parameter: 2 isntead of seq or sig
2018-01-08 16:55:25,870 - BluetoothListener - ERROR - A total of 27 errors found while testing bluetooth signals vs sequences and IR-Signals
2018-01-08 16:56:47,181 - BluetoothListener - WARNING - Bluetooth signals contained device name: AppleTV signal name: Off, but IR signals did not
2018-01-08 16:56:47,184 - BluetoothListener - WARNING - Bluetooth signals contained device name: AppleTV signal name: On, but IR signals did not
2018-01-08 16:56:47,186 - BluetoothListener - ERROR - A total of 2 errors found while testing bluetooth signals vs sequences and IR-Signals
2018-01-08 16:58:00,867 - BluetoothListener - INFO - No errrors detected between bluetooth signal, sequences and IR-signals
2018-01-08 16:59:37,077 - BluetoothListener - INFO - All bluetooth signals were matched with IR-Signals and Sequences
2018-01-08 17:31:22,480 - BluetoothListener - INFO - Testing if all defined bluetooth signals have a matchin IR-Signal or sequence...
2018-01-08 17:31:22,481 - BluetoothListener - INFO - All bluetooth signals were matched with IR-Signals and Sequences
2018-01-08 17:31:31,351 - BluetoothListener - DEBUG - Reading IR-signals file
2018-01-08 17:31:31,361 - BluetoothListener - DEBUG - Reading sequences file
2018-01-08 17:32:44,966 - BluetoothListener - DEBUG - Reading IR-signals file
2018-01-08 17:32:44,974 - BluetoothListener - DEBUG - Reading sequences file
2018-01-08 17:33:01,374 - BluetoothListener - DEBUG - Reading IR-signals file
2018-01-08 17:33:01,381 - BluetoothListener - DEBUG - Reading sequences file
2018-01-08 17:33:51,670 - BluetoothListener - DEBUG - Reading IR-signals file
2018-01-08 17:33:51,677 - BluetoothListener - DEBUG - Reading sequences file
2018-01-08 17:33:53,661 - BluetoothListener - DEBUG - Recieved bluetooth char: 5
2018-01-08 17:33:53,663 - BluetoothListener - DEBUG - Recieved bluetooth char: 1
2018-01-08 17:33:53,664 - BluetoothListener - DEBUG - Recieved bluetooth char: 0
2018-01-08 17:33:53,665 - BluetoothListener - DEBUG - Recieved bluetooth char: 0
2018-01-08 17:34:20,782 - BluetoothListener - DEBUG - Reading IR-signals file
2018-01-08 17:34:20,789 - BluetoothListener - DEBUG - Reading sequences file
2018-01-08 17:34:22,371 - BluetoothListener - DEBUG - Recieved bluetooth char: 5
2018-01-08 17:34:22,373 - BluetoothListener - DEBUG - Recieved bluetooth char: 1
2018-01-08 17:34:22,374 - BluetoothListener - DEBUG - Recieved bluetooth char: 0
2018-01-08 17:34:22,375 - BluetoothListener - DEBUG - Recieved bluetooth char: 0
2018-01-08 17:34:44,350 - BluetoothListener - DEBUG - Reading IR-signals file
2018-01-08 17:34:44,358 - BluetoothListener - DEBUG - Reading sequences file
2018-01-08 17:34:45,592 - BluetoothListener - DEBUG - Recieved bluetooth char: 5
2018-01-08 17:34:45,593 - BluetoothListener - DEBUG - Recieved bluetooth char: 1
2018-01-08 17:34:45,605 - BluetoothListener - DEBUG - Recieved bluetooth char: 0
2018-01-08 17:34:45,606 - BluetoothListener - DEBUG - Recieved bluetooth char: 0
2018-01-08 17:34:53,062 - BluetoothListener - DEBUG - Recieved bluetooth char: 5
2018-01-08 17:34:53,063 - BluetoothListener - DEBUG - Recieved bluetooth char: 1
2018-01-08 17:34:53,064 - BluetoothListener - DEBUG - Recieved bluetooth char: 0
2018-01-08 17:34:53,066 - BluetoothListener - DEBUG - Recieved bluetooth char: 0
2018-01-08 17:35:13,069 - BluetoothListener - DEBUG - Reading IR-signals file
2018-01-08 17:35:13,076 - BluetoothListener - DEBUG - Reading sequences file
2018-01-08 17:35:14,426 - BluetoothListener - DEBUG - Recieved bluetooth char: 5
2018-01-08 17:35:14,427 - BluetoothListener - DEBUG - Recieved bluetooth char: 1
2018-01-08 17:35:14,428 - BluetoothListener - DEBUG - Recieved bluetooth char: 0
2018-01-08 17:35:14,429 - BluetoothListener - DEBUG - Recieved bluetooth char: 0
2018-01-08 17:35:14,430 - BluetoothListener - DEBUG - Recieved bluetooth char: ;
2018-01-08 17:35:41,605 - BluetoothListener - DEBUG - Reading IR-signals file
2018-01-08 17:35:41,622 - BluetoothListener - DEBUG - Reading sequences file
2018-01-08 17:35:43,046 - BluetoothListener - DEBUG - Recieved bluetooth char: 5
2018-01-08 17:35:43,047 - BluetoothListener - DEBUG - Recieved bluetooth char: 1
2018-01-08 17:35:43,048 - BluetoothListener - DEBUG - Recieved bluetooth char: 0
2018-01-08 17:35:43,049 - BluetoothListener - DEBUG - Recieved bluetooth char: 0
2018-01-08 17:35:43,050 - BluetoothListener - DEBUG - Recieved bluetooth char: ;
2018-01-08 17:35:43,051 - BluetoothListener - DEBUG - Recieved Run command for bluetoothSignal: 5100
2018-01-08 17:36:46,540 - BluetoothListener - DEBUG - Reading IR-signals file
2018-01-08 17:36:46,548 - BluetoothListener - DEBUG - Reading sequences file
2018-01-08 17:36:53,397 - BluetoothListener - DEBUG - Recieved bluetooth char: 5
2018-01-08 17:36:53,398 - BluetoothListener - DEBUG - Recieved bluetooth char: 1
2018-01-08 17:36:53,399 - BluetoothListener - DEBUG - Recieved bluetooth char: 0
2018-01-08 17:36:53,400 - BluetoothListener - DEBUG - Recieved bluetooth char: 0
2018-01-08 17:36:53,401 - BluetoothListener - DEBUG - Recieved bluetooth char: ;
2018-01-08 17:36:53,401 - BluetoothListener - DEBUG - Recieved Run command for bluetoothSignal: 5100
2018-01-08 17:37:11,404 - BluetoothListener - DEBUG - Reading IR-signals file
2018-01-08 17:37:11,411 - BluetoothListener - DEBUG - Reading sequences file
2018-01-08 17:37:12,567 - BluetoothListener - DEBUG - Recieved bluetooth char: 5
2018-01-08 17:37:12,568 - BluetoothListener - DEBUG - Recieved bluetooth char: 1
2018-01-08 17:37:12,569 - BluetoothListener - DEBUG - Recieved bluetooth char: 0
2018-01-08 17:37:12,570 - BluetoothListener - DEBUG - Recieved bluetooth char: 0
2018-01-08 17:37:12,571 - BluetoothListener - DEBUG - Recieved bluetooth char: ;
2018-01-08 17:37:12,572 - BluetoothListener - DEBUG - Recieved Run command for bluetoothSignal: 5100
2018-01-08 17:37:12,675 - BluetoothListener - DEBUG - Sent IRSignal: Projector, On
2018-01-08 17:38:59,893 - BluetoothListener - DEBUG - Recieved bluetooth char: 5
2018-01-08 17:38:59,895 - BluetoothListener - DEBUG - Recieved bluetooth char: 1
2018-01-08 17:38:59,896 - BluetoothListener - DEBUG - Recieved bluetooth char: 0
2018-01-08 17:38:59,897 - BluetoothListener - DEBUG - Recieved bluetooth char: 0
2018-01-08 17:38:59,898 - BluetoothListener - DEBUG - Recieved bluetooth char: ;
2018-01-08 17:38:59,899 - BluetoothListener - DEBUG - Recieved Run command for bluetoothSignal: 5100
2018-01-08 17:38:59,999 - BluetoothListener - DEBUG - Sent IRSignal: Projector, On
2018-01-08 17:39:21,779 - BluetoothListener - DEBUG - Recieved bluetooth char: 2
2018-01-08 17:39:21,781 - BluetoothListener - DEBUG - Recieved bluetooth char: 1
2018-01-08 17:39:21,782 - BluetoothListener - DEBUG - Recieved bluetooth char: 0
2018-01-08 17:39:21,783 - BluetoothListener - DEBUG - Recieved bluetooth char: 0
2018-01-08 17:39:21,784 - BluetoothListener - DEBUG - Recieved bluetooth char: ;
2018-01-08 17:39:21,785 - BluetoothListener - DEBUG - Recieved Run command for bluetoothSignal: 2100
2018-01-08 17:39:21,868 - BluetoothListener - DEBUG - Sent IRSignal: Reciever, On
2018-01-08 17:39:30,719 - BluetoothListener - DEBUG - Recieved bluetooth char: 2
2018-01-08 17:39:30,721 - BluetoothListener - DEBUG - Recieved bluetooth char: 1
2018-01-08 17:39:30,722 - BluetoothListener - DEBUG - Recieved bluetooth char: 0
2018-01-08 17:39:30,723 - BluetoothListener - DEBUG - Recieved bluetooth char: 0
2018-01-08 17:39:30,724 - BluetoothListener - DEBUG - Recieved bluetooth char: ;
2018-01-08 17:39:30,725 - BluetoothListener - DEBUG - Recieved Run command for bluetoothSignal: 2100
2018-01-08 17:39:30,798 - BluetoothListener - DEBUG - Sent IRSignal: Reciever, On
2018-01-08 17:39:31,380 - BluetoothListener - DEBUG - Recieved bluetooth char: 2
2018-01-08 17:39:31,381 - BluetoothListener - DEBUG - Recieved bluetooth char: 1
2018-01-08 17:39:31,382 - BluetoothListener - DEBUG - Recieved bluetooth char: 0
2018-01-08 17:39:31,383 - BluetoothListener - DEBUG - Recieved bluetooth char: 0
2018-01-08 17:39:31,384 - BluetoothListener - DEBUG - Recieved bluetooth char: ;
2018-01-08 17:39:31,385 - BluetoothListener - DEBUG - Recieved Run command for bluetoothSignal: 2100
2018-01-08 17:39:31,466 - BluetoothListener - DEBUG - Sent IRSignal: Reciever, On
2018-01-08 17:39:31,860 - BluetoothListener - DEBUG - Recieved bluetooth char: 2
2018-01-08 17:39:31,861 - BluetoothListener - DEBUG - Recieved bluetooth char: 1
2018-01-08 17:39:31,862 - BluetoothListener - DEBUG - Recieved bluetooth char: 0
2018-01-08 17:39:31,863 - BluetoothListener - DEBUG - Recieved bluetooth char: 0
2018-01-08 17:39:31,864 - BluetoothListener - DEBUG - Recieved bluetooth char: ;
2018-01-08 17:39:31,865 - BluetoothListener - DEBUG - Recieved Run command for bluetoothSignal: 2100
2018-01-08 17:39:31,941 - BluetoothListener - DEBUG - Sent IRSignal: Reciever, On
2018-01-08 17:39:32,309 - BluetoothListener - DEBUG - Recieved bluetooth char: 2
2018-01-08 17:39:32,311 - BluetoothListener - DEBUG - Recieved bluetooth char: 1
2018-01-08 17:39:32,312 - BluetoothListener - DEBUG - Recieved bluetooth char: 0
2018-01-08 17:39:32,313 - BluetoothListener - DEBUG - Recieved bluetooth char: 0
2018-01-08 17:39:32,314 - BluetoothListener - DEBUG - Recieved bluetooth char: ;
2018-01-08 17:39:32,314 - BluetoothListener - DEBUG - Recieved Run command for bluetoothSignal: 2100
2018-01-08 17:39:32,389 - BluetoothListener - DEBUG - Sent IRSignal: Reciever, On
2018-01-08 17:39:32,760 - BluetoothListener - DEBUG - Recieved bluetooth char: 2
2018-01-08 17:39:32,761 - BluetoothListener - DEBUG - Recieved bluetooth char: 1
2018-01-08 17:39:32,762 - BluetoothListener - DEBUG - Recieved bluetooth char: 0
2018-01-08 17:39:32,763 - BluetoothListener - DEBUG - Recieved bluetooth char: 0
2018-01-08 17:39:32,764 - BluetoothListener - DEBUG - Recieved bluetooth char: ;
2018-01-08 17:39:32,764 - BluetoothListener - DEBUG - Recieved Run command for bluetoothSignal: 2100
2018-01-08 17:39:32,841 - BluetoothListener - DEBUG - Sent IRSignal: Reciever, On
2018-01-08 17:39:34,560 - BluetoothListener - DEBUG - Recieved bluetooth char: 2
2018-01-08 17:39:34,561 - BluetoothListener - DEBUG - Recieved bluetooth char: 1
2018-01-08 17:39:34,562 - BluetoothListener - DEBUG - Recieved bluetooth char: 0
2018-01-08 17:39:34,563 - BluetoothListener - DEBUG - Recieved bluetooth char: 0
2018-01-08 17:39:34,564 - BluetoothListener - DEBUG - Recieved bluetooth char: ;
2018-01-08 17:39:34,564 - BluetoothListener - DEBUG - Recieved Run command for bluetoothSignal: 2100
2018-01-08 17:39:34,640 - BluetoothListener - DEBUG - Sent IRSignal: Reciever, On
2018-01-08 17:39:37,470 - BluetoothListener - DEBUG - Recieved bluetooth char: 2
2018-01-08 17:39:37,471 - BluetoothListener - DEBUG - Recieved bluetooth char: 1
2018-01-08 17:39:37,473 - BluetoothListener - DEBUG - Recieved bluetooth char: 0
2018-01-08 17:39:37,474 - BluetoothListener - DEBUG - Recieved bluetooth char: 0
2018-01-08 17:39:37,475 - BluetoothListener - DEBUG - Recieved bluetooth char: ;
2018-01-08 17:39:37,476 - BluetoothListener - DEBUG - Recieved Run command for bluetoothSignal: 2100
2018-01-08 17:39:37,550 - BluetoothListener - DEBUG - Sent IRSignal: Reciever, On
2018-01-08 17:39:38,460 - BluetoothListener - DEBUG - Recieved bluetooth char: 2
2018-01-08 17:39:38,461 - BluetoothListener - DEBUG - Recieved bluetooth char: 1
2018-01-08 17:39:38,462 - BluetoothListener - DEBUG - Recieved bluetooth char: 0
2018-01-08 17:39:38,463 - BluetoothListener - DEBUG - Recieved bluetooth char: 0
2018-01-08 17:39:38,464 - BluetoothListener - DEBUG - Recieved bluetooth char: ;
2018-01-08 17:39:38,464 - BluetoothListener - DEBUG - Recieved Run command for bluetoothSignal: 2100
2018-01-08 17:39:38,541 - BluetoothListener - DEBUG - Sent IRSignal: Reciever, On
2018-01-08 17:39:53,190 - BluetoothListener - DEBUG - Recieved bluetooth char: 2
2018-01-08 17:39:53,191 - BluetoothListener - DEBUG - Recieved bluetooth char: 1
2018-01-08 17:39:53,192 - BluetoothListener - DEBUG - Recieved bluetooth char: 0
2018-01-08 17:39:53,194 - BluetoothListener - DEBUG - Recieved bluetooth char: 0
2018-01-08 17:39:53,195 - BluetoothListener - DEBUG - Recieved bluetooth char: ;
2018-01-08 17:39:53,196 - BluetoothListener - DEBUG - Recieved Run command for bluetoothSignal: 2100
2018-01-08 17:39:53,271 - BluetoothListener - DEBUG - Sent IRSignal: Reciever, On
2018-01-08 17:39:54,210 - BluetoothListener - DEBUG - Recieved bluetooth char: 2
2018-01-08 17:39:54,211 - BluetoothListener - DEBUG - Recieved bluetooth char: 1
2018-01-08 17:39:54,212 - BluetoothListener - DEBUG - Recieved bluetooth char: 0
2018-01-08 17:39:54,213 - BluetoothListener - DEBUG - Recieved bluetooth char: 0
2018-01-08 17:39:54,214 - BluetoothListener - DEBUG - Recieved bluetooth char: ;
2018-01-08 17:39:54,215 - BluetoothListener - DEBUG - Recieved Run command for bluetoothSignal: 2100
2018-01-08 17:39:54,289 - BluetoothListener - DEBUG - Sent IRSignal: Reciever, On
2018-01-08 17:39:55,620 - BluetoothListener - DEBUG - Recieved bluetooth char: 2
2018-01-08 17:39:55,621 - BluetoothListener - DEBUG - Recieved bluetooth char: 1
2018-01-08 17:39:55,622 - BluetoothListener - DEBUG - Recieved bluetooth char: 0
2018-01-08 17:39:55,623 - BluetoothListener - DEBUG - Recieved bluetooth char: 0
2018-01-08 17:39:55,624 - BluetoothListener - DEBUG - Recieved bluetooth char: ;
2018-01-08 17:39:55,625 - BluetoothListener - DEBUG - Recieved Run command for bluetoothSignal: 2100
2018-01-08 17:39:55,700 - BluetoothListener - DEBUG - Sent IRSignal: Reciever, On
2018-01-08 17:39:56,460 - BluetoothListener - DEBUG - Recieved bluetooth char: 2
2018-01-08 17:39:56,461 - BluetoothListener - DEBUG - Recieved bluetooth char: 1
2018-01-08 17:39:56,462 - BluetoothListener - DEBUG - Recieved bluetooth char: 0
2018-01-08 17:39:56,463 - BluetoothListener - DEBUG - Recieved bluetooth char: 0
2018-01-08 17:39:56,464 - BluetoothListener - DEBUG - Recieved bluetooth char: ;
2018-01-08 17:39:56,465 - BluetoothListener - DEBUG - Recieved Run command for bluetoothSignal: 2100
2018-01-08 17:39:56,540 - BluetoothListener - DEBUG - Sent IRSignal: Reciever, On
2018-01-08 17:39:57,090 - BluetoothListener - DEBUG - Recieved bluetooth char: 2
2018-01-08 17:39:57,091 - BluetoothListener - DEBUG - Recieved bluetooth char: 1
2018-01-08 17:39:57,091 - BluetoothListener - DEBUG - Recieved bluetooth char: 0
2018-01-08 17:39:57,092 - BluetoothListener - DEBUG - Recieved bluetooth char: 0
2018-01-08 17:39:57,092 - BluetoothListener - DEBUG - Recieved bluetooth char: ;
2018-01-08 17:39:57,092 - BluetoothListener - DEBUG - Recieved Run command for bluetoothSignal: 2100
2018-01-08 17:39:57,158 - BluetoothListener - DEBUG - Sent IRSignal: Reciever, On
2018-01-08 17:39:57,570 - BluetoothListener - DEBUG - Recieved bluetooth char: 2
2018-01-08 17:39:57,571 - BluetoothListener - DEBUG - Recieved bluetooth char: 1
2018-01-08 17:39:57,572 - BluetoothListener - DEBUG - Recieved bluetooth char: 0
2018-01-08 17:39:57,573 - BluetoothListener - DEBUG - Recieved bluetooth char: 0
2018-01-08 17:39:57,574 - BluetoothListener - DEBUG - Recieved bluetooth char: ;
2018-01-08 17:39:57,574 - BluetoothListener - DEBUG - Recieved Run command for bluetoothSignal: 2100
2018-01-08 17:39:57,649 - BluetoothListener - DEBUG - Sent IRSignal: Reciever, On
2018-01-08 17:39:58,050 - BluetoothListener - DEBUG - Recieved bluetooth char: 2
2018-01-08 17:39:58,051 - BluetoothListener - DEBUG - Recieved bluetooth char: 1
2018-01-08 17:39:58,052 - BluetoothListener - DEBUG - Recieved bluetooth char: 0
2018-01-08 17:39:58,053 - BluetoothListener - DEBUG - Recieved bluetooth char: 0
2018-01-08 17:39:58,054 - BluetoothListener - DEBUG - Recieved bluetooth char: ;
2018-01-08 17:39:58,055 - BluetoothListener - DEBUG - Recieved Run command for bluetoothSignal: 2100
2018-01-08 17:39:58,129 - BluetoothListener - DEBUG - Sent IRSignal: Reciever, On
2018-01-08 17:40:34,616 - BluetoothListener - DEBUG - Recieved bluetooth char: 7
2018-01-08 17:40:34,618 - BluetoothListener - DEBUG - Recieved bluetooth char: 0
2018-01-08 17:40:34,619 - BluetoothListener - DEBUG - Recieved bluetooth char: 0
2018-01-08 17:40:34,620 - BluetoothListener - DEBUG - Recieved bluetooth char: 0
2018-01-08 17:40:34,621 - BluetoothListener - DEBUG - Recieved bluetooth char: ;
2018-01-08 17:40:34,622 - BluetoothListener - DEBUG - Recieved Run command for bluetoothSignal: 7000
2018-01-08 17:40:34,687 - BluetoothListener - DEBUG - Sent IRSignal: Canvas, Down
2018-01-08 17:40:35,576 - BluetoothListener - DEBUG - Recieved bluetooth char: 7
2018-01-08 17:40:35,578 - BluetoothListener - DEBUG - Recieved bluetooth char: 0
2018-01-08 17:40:35,579 - BluetoothListener - DEBUG - Recieved bluetooth char: 0
2018-01-08 17:40:35,580 - BluetoothListener - DEBUG - Recieved bluetooth char: 0
2018-01-08 17:40:35,580 - BluetoothListener - DEBUG - Recieved bluetooth char: ;
2018-01-08 17:40:35,581 - BluetoothListener - DEBUG - Recieved Run command for bluetoothSignal: 7000
2018-01-08 17:40:35,646 - BluetoothListener - DEBUG - Sent IRSignal: Canvas, Down
2018-01-08 17:41:11,067 - BluetoothListener - DEBUG - Recieved bluetooth char: 7
2018-01-08 17:41:11,068 - BluetoothListener - DEBUG - Recieved bluetooth char: 0
2018-01-08 17:41:11,069 - BluetoothListener - DEBUG - Recieved bluetooth char: 0
2018-01-08 17:41:11,071 - BluetoothListener - DEBUG - Recieved bluetooth char: 0
2018-01-08 17:41:11,072 - BluetoothListener - DEBUG - Recieved bluetooth char: ;
2018-01-08 17:41:11,073 - BluetoothListener - DEBUG - Recieved Run command for bluetoothSignal: 7000
2018-01-08 17:41:11,138 - BluetoothListener - DEBUG - Sent IRSignal: Canvas, Down
2018-01-08 17:41:17,247 - BluetoothListener - DEBUG - Recieved bluetooth char: 7
2018-01-08 17:41:17,249 - BluetoothListener - DEBUG - Recieved bluetooth char: 0
2018-01-08 17:41:17,250 - BluetoothListener - DEBUG - Recieved bluetooth char: 0
2018-01-08 17:41:17,251 - BluetoothListener - DEBUG - Recieved bluetooth char: 0
2018-01-08 17:41:17,251 - BluetoothListener - DEBUG - Recieved bluetooth char: ;
2018-01-08 17:41:17,252 - BluetoothListener - DEBUG - Recieved Run command for bluetoothSignal: 7000
2018-01-08 17:41:17,318 - BluetoothListener - DEBUG - Sent IRSignal: Canvas, Down
2018-01-08 17:41:20,127 - BluetoothListener - DEBUG - Recieved bluetooth char: 7
2018-01-08 17:41:20,128 - BluetoothListener - DEBUG - Recieved bluetooth char: 0
2018-01-08 17:41:20,129 - BluetoothListener - DEBUG - Recieved bluetooth char: 0
2018-01-08 17:41:20,130 - BluetoothListener - DEBUG - Recieved bluetooth char: 0
2018-01-08 17:41:20,131 - BluetoothListener - DEBUG - Recieved bluetooth char: ;
2018-01-08 17:41:20,132 - BluetoothListener - DEBUG - Recieved Run command for bluetoothSignal: 7000
2018-01-08 17:41:20,197 - BluetoothListener - DEBUG - Sent IRSignal: Canvas, Down
2018-01-08 17:41:21,567 - BluetoothListener - DEBUG - Recieved bluetooth char: 7
2018-01-08 17:41:21,568 - BluetoothListener - DEBUG - Recieved bluetooth char: 0
2018-01-08 17:41:21,570 - BluetoothListener - DEBUG - Recieved bluetooth char: 0
2018-01-08 17:41:21,571 - BluetoothListener - DEBUG - Recieved bluetooth char: 0
2018-01-08 17:41:21,572 - BluetoothListener - DEBUG - Recieved bluetooth char: ;
2018-01-08 17:41:21,573 - BluetoothListener - DEBUG - Recieved Run command for bluetoothSignal: 7000
2018-01-08 17:41:21,643 - BluetoothListener - DEBUG - Sent IRSignal: Canvas, Down
2018-01-08 17:41:31,947 - BluetoothListener - DEBUG - Recieved bluetooth char: 7
2018-01-08 17:41:31,948 - BluetoothListener - DEBUG - Recieved bluetooth char: 0
2018-01-08 17:41:31,950 - BluetoothListener - DEBUG - Recieved bluetooth char: 0
2018-01-08 17:41:31,951 - BluetoothListener - DEBUG - Recieved bluetooth char: 0
2018-01-08 17:41:31,953 - BluetoothListener - DEBUG - Recieved bluetooth char: ;
2018-01-08 17:41:31,954 - BluetoothListener - DEBUG - Recieved Run command for bluetoothSignal: 7000
2018-01-08 17:41:32,023 - BluetoothListener - DEBUG - Sent IRSignal: Canvas, Down
2018-01-08 17:41:33,717 - BluetoothListener - DEBUG - Recieved bluetooth char: 7
2018-01-08 17:41:33,718 - BluetoothListener - DEBUG - Recieved bluetooth char: 0
2018-01-08 17:41:33,719 - BluetoothListener - DEBUG - Recieved bluetooth char: 0
2018-01-08 17:41:33,720 - BluetoothListener - DEBUG - Recieved bluetooth char: 0
2018-01-08 17:41:33,721 - BluetoothListener - DEBUG - Recieved bluetooth char: ;
2018-01-08 17:41:33,722 - BluetoothListener - DEBUG - Recieved Run command for bluetoothSignal: 7000
2018-01-08 17:41:33,786 - BluetoothListener - DEBUG - Sent IRSignal: Canvas, Down
2018-01-08 17:41:34,677 - BluetoothListener - DEBUG - Recieved bluetooth char: 7
2018-01-08 17:41:34,678 - BluetoothListener - DEBUG - Recieved bluetooth char: 0
2018-01-08 17:41:34,679 - BluetoothListener - DEBUG - Recieved bluetooth char: 0
2018-01-08 17:41:34,680 - BluetoothListener - DEBUG - Recieved bluetooth char: 0
2018-01-08 17:41:34,681 - BluetoothListener - DEBUG - Recieved bluetooth char: ;
2018-01-08 17:41:34,682 - BluetoothListener - DEBUG - Recieved Run command for bluetoothSignal: 7000
2018-01-08 17:41:34,747 - BluetoothListener - DEBUG - Sent IRSignal: Canvas, Down
2018-01-08 17:41:44,247 - BluetoothListener - DEBUG - Recieved bluetooth char: 7
2018-01-08 17:41:44,248 - BluetoothListener - DEBUG - Recieved bluetooth char: 0
2018-01-08 17:41:44,250 - BluetoothListener - DEBUG - Recieved bluetooth char: 0
2018-01-08 17:41:44,251 - BluetoothListener - DEBUG - Recieved bluetooth char: 0
2018-01-08 17:41:44,252 - BluetoothListener - DEBUG - Recieved bluetooth char: ;
2018-01-08 17:41:44,252 - BluetoothListener - DEBUG - Recieved Run command for bluetoothSignal: 7000
2018-01-08 17:41:44,318 - BluetoothListener - DEBUG - Sent IRSignal: Canvas, Down
2018-01-08 17:41:50,457 - BluetoothListener - DEBUG - Recieved bluetooth char: 7
2018-01-08 17:41:50,458 - BluetoothListener - DEBUG - Recieved bluetooth char: 0
2018-01-08 17:41:50,459 - BluetoothListener - DEBUG - Recieved bluetooth char: 0
2018-01-08 17:41:50,460 - BluetoothListener - DEBUG - Recieved bluetooth char: 0
2018-01-08 17:41:50,461 - BluetoothListener - DEBUG - Recieved bluetooth char: ;
2018-01-08 17:41:50,462 - BluetoothListener - DEBUG - Recieved Run command for bluetoothSignal: 7000
2018-01-08 17:41:50,531 - BluetoothListener - DEBUG - Sent IRSignal: Canvas, Down
2018-01-08 17:41:52,977 - BluetoothListener - DEBUG - Recieved bluetooth char: 7
2018-01-08 17:41:52,978 - BluetoothListener - DEBUG - Recieved bluetooth char: 0
2018-01-08 17:41:52,980 - BluetoothListener - DEBUG - Recieved bluetooth char: 0
2018-01-08 17:41:52,981 - BluetoothListener - DEBUG - Recieved bluetooth char: 0
2018-01-08 17:41:52,982 - BluetoothListener - DEBUG - Recieved bluetooth char: ;
2018-01-08 17:41:52,983 - BluetoothListener - DEBUG - Recieved Run command for bluetoothSignal: 7000
2018-01-08 17:41:53,049 - BluetoothListener - DEBUG - Sent IRSignal: Canvas, Down
2018-01-08 17:41:55,707 - BluetoothListener - DEBUG - Recieved bluetooth char: 7
2018-01-08 17:41:55,708 - BluetoothListener - DEBUG - Recieved bluetooth char: 0
2018-01-08 17:41:55,710 - BluetoothListener - DEBUG - Recieved bluetooth char: 0
2018-01-08 17:41:55,711 - BluetoothListener - DEBUG - Recieved bluetooth char: 0
2018-01-08 17:41:55,711 - BluetoothListener - DEBUG - Recieved bluetooth char: ;
2018-01-08 17:41:55,712 - BluetoothListener - DEBUG - Recieved Run command for bluetoothSignal: 7000
2018-01-08 17:41:55,777 - BluetoothListener - DEBUG - Sent IRSignal: Canvas, Down
2018-01-08 17:42:02,607 - BluetoothListener - DEBUG - Recieved bluetooth char: 7
2018-01-08 17:42:02,609 - BluetoothListener - DEBUG - Recieved bluetooth char: 0
2018-01-08 17:42:02,610 - BluetoothListener - DEBUG - Recieved bluetooth char: 0
2018-01-08 17:42:02,611 - BluetoothListener - DEBUG - Recieved bluetooth char: 0
2018-01-08 17:42:02,612 - BluetoothListener - DEBUG - Recieved bluetooth char: ;
2018-01-08 17:42:02,613 - BluetoothListener - DEBUG - Recieved Run command for bluetoothSignal: 7000
2018-01-08 17:42:02,678 - BluetoothListener - DEBUG - Sent IRSignal: Canvas, Down
2018-01-08 17:42:07,527 - BluetoothListener - DEBUG - Recieved bluetooth char: 7
2018-01-08 17:42:07,529 - BluetoothListener - DEBUG - Recieved bluetooth char: 0
2018-01-08 17:42:07,530 - BluetoothListener - DEBUG - Recieved bluetooth char: 0
2018-01-08 17:42:07,532 - BluetoothListener - DEBUG - Recieved bluetooth char: 0
2018-01-08 17:42:07,533 - BluetoothListener - DEBUG - Recieved bluetooth char: ;
2018-01-08 17:42:07,534 - BluetoothListener - DEBUG - Recieved Run command for bluetoothSignal: 7000
2018-01-08 17:42:07,601 - BluetoothListener - DEBUG - Sent IRSignal: Canvas, Down
2018-01-08 17:42:13,888 - BluetoothListener - DEBUG - Recieved bluetooth char: 7
2018-01-08 17:42:13,889 - BluetoothListener - DEBUG - Recieved bluetooth char: 0
2018-01-08 17:42:13,890 - BluetoothListener - DEBUG - Recieved bluetooth char: 0
2018-01-08 17:42:13,891 - BluetoothListener - DEBUG - Recieved bluetooth char: 0
2018-01-08 17:42:13,892 - BluetoothListener - DEBUG - Recieved bluetooth char: ;
2018-01-08 17:42:13,892 - BluetoothListener - DEBUG - Recieved Run command for bluetoothSignal: 7000
2018-01-08 17:42:13,963 - BluetoothListener - DEBUG - Sent IRSignal: Canvas, Down
2018-01-08 17:42:17,758 - BluetoothListener - DEBUG - Recieved bluetooth char: 7
2018-01-08 17:42:17,759 - BluetoothListener - DEBUG - Recieved bluetooth char: 0
2018-01-08 17:42:17,760 - BluetoothListener - DEBUG - Recieved bluetooth char: 0
2018-01-08 17:42:17,761 - BluetoothListener - DEBUG - Recieved bluetooth char: 0
2018-01-08 17:42:17,762 - BluetoothListener - DEBUG - Recieved bluetooth char: ;
2018-01-08 17:42:17,763 - BluetoothListener - DEBUG - Recieved Run command for bluetoothSignal: 7000
2018-01-08 17:42:17,828 - BluetoothListener - DEBUG - Sent IRSignal: Canvas, Down
2018-01-08 17:42:21,174 - BluetoothListener - DEBUG - Recieved bluetooth char: 3
2018-01-08 17:42:21,176 - BluetoothListener - DEBUG - Recieved bluetooth char: ;
2018-01-08 17:42:21,177 - BluetoothListener - DEBUG - Recieved Run command for bluetoothSignal: 3
2018-01-08 17:42:21,177 - BluetoothListener - INFO - Could not find bluetooth signal: 3
2018-01-08 17:42:22,317 - BluetoothListener - DEBUG - Recieved bluetooth char: 7
2018-01-08 17:42:22,319 - BluetoothListener - DEBUG - Recieved bluetooth char: 0
2018-01-08 17:42:22,320 - BluetoothListener - DEBUG - Recieved bluetooth char: 0
2018-01-08 17:42:22,321 - BluetoothListener - DEBUG - Recieved bluetooth char: 0
2018-01-08 17:42:22,322 - BluetoothListener - DEBUG - Recieved bluetooth char: ;
2018-01-08 17:42:22,322 - BluetoothListener - DEBUG - Recieved Run command for bluetoothSignal: 7000
2018-01-08 17:42:22,388 - BluetoothListener - DEBUG - Sent IRSignal: Canvas, Down
2018-01-08 17:42:25,918 - BluetoothListener - DEBUG - Recieved bluetooth char: 7
2018-01-08 17:42:25,919 - BluetoothListener - DEBUG - Recieved bluetooth char: 0
2018-01-08 17:42:25,920 - BluetoothListener - DEBUG - Recieved bluetooth char: 0
2018-01-08 17:42:25,921 - BluetoothListener - DEBUG - Recieved bluetooth char: 0
2018-01-08 17:42:25,922 - BluetoothListener - DEBUG - Recieved bluetooth char: ;
2018-01-08 17:42:25,923 - BluetoothListener - DEBUG - Recieved Run command for bluetoothSignal: 7000
2018-01-08 17:42:25,989 - BluetoothListener - DEBUG - Sent IRSignal: Canvas, Down
2018-01-08 17:42:28,828 - BluetoothListener - DEBUG - Recieved bluetooth char: 7
2018-01-08 17:42:28,829 - BluetoothListener - DEBUG - Recieved bluetooth char: 0
2018-01-08 17:42:28,831 - BluetoothListener - DEBUG - Recieved bluetooth char: 0
2018-01-08 17:42:28,832 - BluetoothListener - DEBUG - Recieved bluetooth char: 0
2018-01-08 17:42:28,833 - BluetoothListener - DEBUG - Recieved bluetooth char: ;
2018-01-08 17:42:28,834 - BluetoothListener - DEBUG - Recieved Run command for bluetoothSignal: 7000
2018-01-08 17:42:28,900 - BluetoothListener - DEBUG - Sent IRSignal: Canvas, Down
2018-01-08 17:42:30,808 - BluetoothListener - DEBUG - Recieved bluetooth char: 7
2018-01-08 17:42:30,809 - BluetoothListener - DEBUG - Recieved bluetooth char: 0
2018-01-08 17:42:30,810 - BluetoothListener - DEBUG - Recieved bluetooth char: 0
2018-01-08 17:42:30,811 - BluetoothListener - DEBUG - Recieved bluetooth char: 0
2018-01-08 17:42:30,813 - BluetoothListener - DEBUG - Recieved bluetooth char: ;
2018-01-08 17:42:30,814 - BluetoothListener - DEBUG - Recieved Run command for bluetoothSignal: 7000
2018-01-08 17:42:30,880 - BluetoothListener - DEBUG - Sent IRSignal: Canvas, Down
2018-01-08 17:42:36,958 - BluetoothListener - DEBUG - Recieved bluetooth char: 7
2018-01-08 17:42:36,959 - BluetoothListener - DEBUG - Recieved bluetooth char: 0
2018-01-08 17:42:36,961 - BluetoothListener - DEBUG - Recieved bluetooth char: 0
2018-01-08 17:42:36,962 - BluetoothListener - DEBUG - Recieved bluetooth char: 0
2018-01-08 17:42:36,964 - BluetoothListener - DEBUG - Recieved bluetooth char: ;
2018-01-08 17:42:36,965 - BluetoothListener - DEBUG - Recieved Run command for bluetoothSignal: 7000
2018-01-08 17:42:37,032 - BluetoothListener - DEBUG - Sent IRSignal: Canvas, Down
2018-01-08 17:43:05,848 - BluetoothListener - DEBUG - Recieved bluetooth char: 7
2018-01-08 17:43:05,850 - BluetoothListener - DEBUG - Recieved bluetooth char: 0
2018-01-08 17:43:05,851 - BluetoothListener - DEBUG - Recieved bluetooth char: 0
2018-01-08 17:43:05,852 - BluetoothListener - DEBUG - Recieved bluetooth char: 0
2018-01-08 17:43:05,853 - BluetoothListener - DEBUG - Recieved bluetooth char: ;
2018-01-08 17:43:05,854 - BluetoothListener - DEBUG - Recieved Run command for bluetoothSignal: 7000
2018-01-08 17:43:05,921 - BluetoothListener - DEBUG - Sent IRSignal: Canvas, Down
2018-01-08 17:43:07,648 - BluetoothListener - DEBUG - Recieved bluetooth char: 7
2018-01-08 17:43:07,650 - BluetoothListener - DEBUG - Recieved bluetooth char: 0
2018-01-08 17:43:07,651 - BluetoothListener - DEBUG - Recieved bluetooth char: 0
2018-01-08 17:43:07,651 - BluetoothListener - DEBUG - Recieved bluetooth char: 0
2018-01-08 17:43:07,652 - BluetoothListener - DEBUG - Recieved bluetooth char: ;
2018-01-08 17:43:07,653 - BluetoothListener - DEBUG - Recieved Run command for bluetoothSignal: 7000
2018-01-08 17:43:07,719 - BluetoothListener - DEBUG - Sent IRSignal: Canvas, Down
2018-01-08 17:43:08,848 - BluetoothListener - DEBUG - Recieved bluetooth char: 7
2018-01-08 17:43:08,850 - BluetoothListener - DEBUG - Recieved bluetooth char: 0
2018-01-08 17:43:08,851 - BluetoothListener - DEBUG - Recieved bluetooth char: 0
2018-01-08 17:43:08,852 - BluetoothListener - DEBUG - Recieved bluetooth char: 0
2018-01-08 17:43:08,852 - BluetoothListener - DEBUG - Recieved bluetooth char: ;
2018-01-08 17:43:08,853 - BluetoothListener - DEBUG - Recieved Run command for bluetoothSignal: 7000
2018-01-08 17:43:08,919 - BluetoothListener - DEBUG - Sent IRSignal: Canvas, Down
2018-01-08 17:43:10,108 - BluetoothListener - DEBUG - Recieved bluetooth char: 7
2018-01-08 17:43:10,110 - BluetoothListener - DEBUG - Recieved bluetooth char: 0
2018-01-08 17:43:10,111 - BluetoothListener - DEBUG - Recieved bluetooth char: 0
2018-01-08 17:43:10,112 - BluetoothListener - DEBUG - Recieved bluetooth char: 0
2018-01-08 17:43:10,113 - BluetoothListener - DEBUG - Recieved bluetooth char: ;
2018-01-08 17:43:10,113 - BluetoothListener - DEBUG - Recieved Run command for bluetoothSignal: 7000
2018-01-08 17:43:10,178 - BluetoothListener - DEBUG - Sent IRSignal: Canvas, Down
2018-01-08 17:43:11,098 - BluetoothListener - DEBUG - Recieved bluetooth char: 7
2018-01-08 17:43:11,100 - BluetoothListener - DEBUG - Recieved bluetooth char: 0
2018-01-08 17:43:11,101 - BluetoothListener - DEBUG - Recieved bluetooth char: 0
2018-01-08 17:43:11,102 - BluetoothListener - DEBUG - Recieved bluetooth char: 0
2018-01-08 17:43:11,103 - BluetoothListener - DEBUG - Recieved bluetooth char: ;
2018-01-08 17:43:11,103 - BluetoothListener - DEBUG - Recieved Run command for bluetoothSignal: 7000
2018-01-08 17:43:11,169 - BluetoothListener - DEBUG - Sent IRSignal: Canvas, Down
2018-01-08 17:43:12,058 - BluetoothListener - DEBUG - Recieved bluetooth char: 7
2018-01-08 17:43:12,060 - BluetoothListener - DEBUG - Recieved bluetooth char: 0
2018-01-08 17:43:12,061 - BluetoothListener - DEBUG - Recieved bluetooth char: 0
2018-01-08 17:43:12,062 - BluetoothListener - DEBUG - Recieved bluetooth char: 0
2018-01-08 17:43:12,062 - BluetoothListener - DEBUG - Recieved bluetooth char: ;
2018-01-08 17:43:12,063 - BluetoothListener - DEBUG - Recieved Run command for bluetoothSignal: 7000
2018-01-08 17:43:12,129 - BluetoothListener - DEBUG - Sent IRSignal: Canvas, Down
2018-01-08 17:43:31,079 - BluetoothListener - DEBUG - Recieved bluetooth char: 7
2018-01-08 17:43:31,080 - BluetoothListener - DEBUG - Recieved bluetooth char: 0
2018-01-08 17:43:31,081 - BluetoothListener - DEBUG - Recieved bluetooth char: 0
2018-01-08 17:43:31,082 - BluetoothListener - DEBUG - Recieved bluetooth char: 0
2018-01-08 17:43:31,083 - BluetoothListener - DEBUG - Recieved bluetooth char: ;
2018-01-08 17:43:31,084 - BluetoothListener - DEBUG - Recieved Run command for bluetoothSignal: 7000
2018-01-08 17:43:31,149 - BluetoothListener - DEBUG - Sent IRSignal: Canvas, Down
2018-01-08 17:43:40,739 - BluetoothListener - DEBUG - Recieved bluetooth char: 7
2018-01-08 17:43:40,740 - BluetoothListener - DEBUG - Recieved bluetooth char: 0
2018-01-08 17:43:40,741 - BluetoothListener - DEBUG - Recieved bluetooth char: 0
2018-01-08 17:43:40,742 - BluetoothListener - DEBUG - Recieved bluetooth char: 0
2018-01-08 17:43:40,743 - BluetoothListener - DEBUG - Recieved bluetooth char: ;
2018-01-08 17:43:40,744 - BluetoothListener - DEBUG - Recieved Run command for bluetoothSignal: 7000
2018-01-08 17:43:40,809 - BluetoothListener - DEBUG - Sent IRSignal: Canvas, Down
2018-01-08 17:43:46,499 - BluetoothListener - DEBUG - Recieved bluetooth char: 7
2018-01-08 17:43:46,500 - BluetoothListener - DEBUG - Recieved bluetooth char: 0
2018-01-08 17:43:46,501 - BluetoothListener - DEBUG - Recieved bluetooth char: 0
2018-01-08 17:43:46,502 - BluetoothListener - DEBUG - Recieved bluetooth char: 0
2018-01-08 17:43:46,503 - BluetoothListener - DEBUG - Recieved bluetooth char: ;
2018-01-08 17:43:46,504 - BluetoothListener - DEBUG - Recieved Run command for bluetoothSignal: 7000
2018-01-08 17:43:46,570 - BluetoothListener - DEBUG - Sent IRSignal: Canvas, Down
2018-01-08 17:43:50,939 - BluetoothListener - DEBUG - Recieved bluetooth char: 7
2018-01-08 17:43:50,940 - BluetoothListener - DEBUG - Recieved bluetooth char: 0
2018-01-08 17:43:50,941 - BluetoothListener - DEBUG - Recieved bluetooth char: 0
2018-01-08 17:43:50,943 - BluetoothListener - DEBUG - Recieved bluetooth char: 0
2018-01-08 17:43:50,944 - BluetoothListener - DEBUG - Recieved bluetooth char: ;
2018-01-08 17:43:50,945 - BluetoothListener - DEBUG - Recieved Run command for bluetoothSignal: 7000
2018-01-08 17:43:51,010 - BluetoothListener - DEBUG - Sent IRSignal: Canvas, Down
2018-01-08 17:43:52,259 - BluetoothListener - DEBUG - Recieved bluetooth char: 7
2018-01-08 17:43:52,260 - BluetoothListener - DEBUG - Recieved bluetooth char: 0
2018-01-08 17:43:52,261 - BluetoothListener - DEBUG - Recieved bluetooth char: 0
2018-01-08 17:43:52,262 - BluetoothListener - DEBUG - Recieved bluetooth char: 0
2018-01-08 17:43:52,263 - BluetoothListener - DEBUG - Recieved bluetooth char: ;
2018-01-08 17:43:52,264 - BluetoothListener - DEBUG - Recieved Run command for bluetoothSignal: 7000
2018-01-08 17:43:52,329 - BluetoothListener - DEBUG - Sent IRSignal: Canvas, Down
2018-01-08 17:43:57,449 - BluetoothListener - DEBUG - Recieved bluetooth char: 7
2018-01-08 17:43:57,450 - BluetoothListener - DEBUG - Recieved bluetooth char: 0
2018-01-08 17:43:57,451 - BluetoothListener - DEBUG - Recieved bluetooth char: 0
2018-01-08 17:43:57,452 - BluetoothListener - DEBUG - Recieved bluetooth char: 0
2018-01-08 17:43:57,453 - BluetoothListener - DEBUG - Recieved bluetooth char: ;
2018-01-08 17:43:57,454 - BluetoothListener - DEBUG - Recieved Run command for bluetoothSignal: 7000
2018-01-08 17:43:57,522 - BluetoothListener - DEBUG - Sent IRSignal: Canvas, Down
2018-01-08 17:43:58,979 - BluetoothListener - DEBUG - Recieved bluetooth char: 7
2018-01-08 17:43:58,981 - BluetoothListener - DEBUG - Recieved bluetooth char: 0
2018-01-08 17:43:58,981 - BluetoothListener - DEBUG - Recieved bluetooth char: 0
2018-01-08 17:43:58,982 - BluetoothListener - DEBUG - Recieved bluetooth char: 0
2018-01-08 17:43:58,983 - BluetoothListener - DEBUG - Recieved bluetooth char: ;
2018-01-08 17:43:58,984 - BluetoothListener - DEBUG - Recieved Run command for bluetoothSignal: 7000
2018-01-08 17:43:59,051 - BluetoothListener - DEBUG - Sent IRSignal: Canvas, Down
2018-01-08 17:44:00,539 - BluetoothListener - DEBUG - Recieved bluetooth char: 7
2018-01-08 17:44:00,541 - BluetoothListener - DEBUG - Recieved bluetooth char: 0
2018-01-08 17:44:00,542 - BluetoothListener - DEBUG - Recieved bluetooth char: 0
2018-01-08 17:44:00,543 - BluetoothListener - DEBUG - Recieved bluetooth char: 0
2018-01-08 17:44:00,545 - BluetoothListener - DEBUG - Recieved bluetooth char: ;
2018-01-08 17:44:00,546 - BluetoothListener - DEBUG - Recieved Run command for bluetoothSignal: 7000
2018-01-08 17:44:00,617 - BluetoothListener - DEBUG - Sent IRSignal: Canvas, Down
2018-01-08 17:44:15,838 - BluetoothListener - DEBUG - Recieved bluetooth char: 1
2018-01-08 17:44:15,840 - BluetoothListener - DEBUG - Recieved bluetooth char: 1
2018-01-08 17:44:15,841 - BluetoothListener - DEBUG - Recieved bluetooth char: 1
2018-01-08 17:44:15,842 - BluetoothListener - DEBUG - Recieved bluetooth char: ;
2018-01-08 17:44:15,843 - BluetoothListener - DEBUG - Recieved Run command for bluetoothSignal: 111
2018-01-08 17:44:15,845 - BluetoothListener - INFO - Could not find bluetooth signal: 111
2018-01-08 17:46:27,086 - BluetoothListener - DEBUG - Reading IR-signals file
2018-01-08 17:46:27,093 - BluetoothListener - DEBUG - Reading sequences file
2018-01-08 17:46:28,741 - BluetoothListener - DEBUG - Recieved bluetooth char: 7
2018-01-08 17:46:28,742 - BluetoothListener - DEBUG - Recieved bluetooth char: 0
2018-01-08 17:46:28,743 - BluetoothListener - DEBUG - Recieved bluetooth char: 0
2018-01-08 17:46:28,744 - BluetoothListener - DEBUG - Recieved bluetooth char: 0
2018-01-08 17:46:28,745 - BluetoothListener - DEBUG - Recieved bluetooth char: ;
2018-01-08 17:46:28,745 - BluetoothListener - DEBUG - Recieved Run command for bluetoothSignal: 7000
2018-01-08 17:46:28,812 - BluetoothListener - DEBUG - Sent IRSignal: Canvas, Down
2018-01-08 17:46:35,971 - BluetoothListener - DEBUG - Recieved bluetooth char: 7
2018-01-08 17:46:35,972 - BluetoothListener - DEBUG - Recieved bluetooth char: 0
2018-01-08 17:46:35,973 - BluetoothListener - DEBUG - Recieved bluetooth char: 0
2018-01-08 17:46:35,975 - BluetoothListener - DEBUG - Recieved bluetooth char: 0
2018-01-08 17:46:35,976 - BluetoothListener - DEBUG - Recieved bluetooth char: ;
2018-01-08 17:46:35,976 - BluetoothListener - DEBUG - Recieved Run command for bluetoothSignal: 7000
2018-01-08 17:46:36,041 - BluetoothListener - DEBUG - Sent IRSignal: Canvas, Down
2018-01-08 17:46:37,471 - BluetoothListener - DEBUG - Recieved bluetooth char: 7
2018-01-08 17:46:37,472 - BluetoothListener - DEBUG - Recieved bluetooth char: 0
2018-01-08 17:46:37,473 - BluetoothListener - DEBUG - Recieved bluetooth char: 0
2018-01-08 17:46:37,474 - BluetoothListener - DEBUG - Recieved bluetooth char: 0
2018-01-08 17:46:37,475 - BluetoothListener - DEBUG - Recieved bluetooth char: ;
2018-01-08 17:46:37,476 - BluetoothListener - DEBUG - Recieved Run command for bluetoothSignal: 7000
2018-01-08 17:46:37,541 - BluetoothListener - DEBUG - Sent IRSignal: Canvas, Down
2018-01-08 17:46:39,001 - BluetoothListener - DEBUG - Recieved bluetooth char: 7
2018-01-08 17:46:39,002 - BluetoothListener - DEBUG - Recieved bluetooth char: 0
2018-01-08 17:46:39,003 - BluetoothListener - DEBUG - Recieved bluetooth char: 0
2018-01-08 17:46:39,004 - BluetoothListener - DEBUG - Recieved bluetooth char: 0
2018-01-08 17:46:39,005 - BluetoothListener - DEBUG - Recieved bluetooth char: ;
2018-01-08 17:46:39,006 - BluetoothListener - DEBUG - Recieved Run command for bluetoothSignal: 7000
2018-01-08 17:46:39,071 - BluetoothListener - DEBUG - Sent IRSignal: Canvas, Down
2018-01-08 17:46:39,811 - BluetoothListener - DEBUG - Recieved bluetooth char: 7
2018-01-08 17:46:39,812 - BluetoothListener - DEBUG - Recieved bluetooth char: 0
2018-01-08 17:46:39,813 - BluetoothListener - DEBUG - Recieved bluetooth char: 0
2018-01-08 17:46:39,814 - BluetoothListener - DEBUG - Recieved bluetooth char: 0
2018-01-08 17:46:39,815 - BluetoothListener - DEBUG - Recieved bluetooth char: ;
2018-01-08 17:46:39,816 - BluetoothListener - DEBUG - Recieved Run command for bluetoothSignal: 7000
2018-01-08 17:46:39,881 - BluetoothListener - DEBUG - Sent IRSignal: Canvas, Down
2018-01-08 18:11:25,668 - BluetoothListener - DEBUG - Recieved bluetooth char: 7
2018-01-08 18:11:25,669 - BluetoothListener - DEBUG - Recieved bluetooth char: 0
2018-01-08 18:11:25,670 - BluetoothListener - DEBUG - Recieved bluetooth char: 0
2018-01-08 18:11:25,671 - BluetoothListener - DEBUG - Recieved bluetooth char: 0
2018-01-08 18:11:25,672 - BluetoothListener - DEBUG - Recieved bluetooth char: ;
2018-01-08 18:11:25,673 - BluetoothListener - DEBUG - Recieved Run command for bluetoothSignal: 7000
2018-01-08 18:11:25,738 - BluetoothListener - DEBUG - Sent IRSignal: Canvas, Down
2018-01-08 18:11:40,398 - BluetoothListener - DEBUG - Recieved bluetooth char: 7
2018-01-08 18:11:40,399 - BluetoothListener - DEBUG - Recieved bluetooth char: 0
2018-01-08 18:11:40,400 - BluetoothListener - DEBUG - Recieved bluetooth char: 0
2018-01-08 18:11:40,402 - BluetoothListener - DEBUG - Recieved bluetooth char: 0
2018-01-08 18:11:40,403 - BluetoothListener - DEBUG - Recieved bluetooth char: ;
2018-01-08 18:11:40,403 - BluetoothListener - DEBUG - Recieved Run command for bluetoothSignal: 7000
2018-01-08 18:11:40,468 - BluetoothListener - DEBUG - Sent IRSignal: Canvas, Down
2018-01-08 18:11:47,298 - BluetoothListener - DEBUG - Recieved bluetooth char: 7
2018-01-08 18:11:47,299 - BluetoothListener - DEBUG - Recieved bluetooth char: 0
2018-01-08 18:11:47,300 - BluetoothListener - DEBUG - Recieved bluetooth char: 0
2018-01-08 18:11:47,301 - BluetoothListener - DEBUG - Recieved bluetooth char: 0
2018-01-08 18:11:47,302 - BluetoothListener - DEBUG - Recieved bluetooth char: ;
2018-01-08 18:11:47,303 - BluetoothListener - DEBUG - Recieved Run command for bluetoothSignal: 7000
2018-01-08 18:11:47,368 - BluetoothListener - DEBUG - Sent IRSignal: Canvas, Down
2018-01-08 18:11:48,888 - BluetoothListener - DEBUG - Recieved bluetooth char: 7
2018-01-08 18:11:48,889 - BluetoothListener - DEBUG - Recieved bluetooth char: 0
2018-01-08 18:11:48,890 - BluetoothListener - DEBUG - Recieved bluetooth char: 0
2018-01-08 18:11:48,891 - BluetoothListener - DEBUG - Recieved bluetooth char: 0
2018-01-08 18:11:48,892 - BluetoothListener - DEBUG - Recieved bluetooth char: ;
2018-01-08 18:11:48,893 - BluetoothListener - DEBUG - Recieved Run command for bluetoothSignal: 7000
2018-01-08 18:11:48,958 - BluetoothListener - DEBUG - Sent IRSignal: Canvas, Down
2018-01-08 18:11:51,288 - BluetoothListener - DEBUG - Recieved bluetooth char: 7
2018-01-08 18:11:51,289 - BluetoothListener - DEBUG - Recieved bluetooth char: 0
2018-01-08 18:11:51,290 - BluetoothListener - DEBUG - Recieved bluetooth char: 0
2018-01-08 18:11:51,291 - BluetoothListener - DEBUG - Recieved bluetooth char: 0
2018-01-08 18:11:51,292 - BluetoothListener - DEBUG - Recieved bluetooth char: ;
2018-01-08 18:11:51,293 - BluetoothListener - DEBUG - Recieved Run command for bluetoothSignal: 7000
2018-01-08 18:11:51,358 - BluetoothListener - DEBUG - Sent IRSignal: Canvas, Down
2018-01-08 18:11:53,208 - BluetoothListener - DEBUG - Recieved bluetooth char: 7
2018-01-08 18:11:53,210 - BluetoothListener - DEBUG - Recieved bluetooth char: 0
2018-01-08 18:11:53,211 - BluetoothListener - DEBUG - Recieved bluetooth char: 0
2018-01-08 18:11:53,212 - BluetoothListener - DEBUG - Recieved bluetooth char: 0
2018-01-08 18:11:53,212 - BluetoothListener - DEBUG - Recieved bluetooth char: ;
2018-01-08 18:11:53,213 - BluetoothListener - DEBUG - Recieved Run command for bluetoothSignal: 7000
2018-01-08 18:11:53,278 - BluetoothListener - DEBUG - Sent IRSignal: Canvas, Down
2018-01-08 18:11:54,138 - BluetoothListener - DEBUG - Recieved bluetooth char: 7
2018-01-08 18:11:54,139 - BluetoothListener - DEBUG - Recieved bluetooth char: 0
2018-01-08 18:11:54,140 - BluetoothListener - DEBUG - Recieved bluetooth char: 0
2018-01-08 18:11:54,141 - BluetoothListener - DEBUG - Recieved bluetooth char: 0
2018-01-08 18:11:54,142 - BluetoothListener - DEBUG - Recieved bluetooth char: ;
2018-01-08 18:11:54,143 - BluetoothListener - DEBUG - Recieved Run command for bluetoothSignal: 7000
2018-01-08 18:11:54,208 - BluetoothListener - DEBUG - Sent IRSignal: Canvas, Down
2018-01-08 18:11:57,858 - BluetoothListener - DEBUG - Recieved bluetooth char: 7
2018-01-08 18:11:57,859 - BluetoothListener - DEBUG - Recieved bluetooth char: 0
2018-01-08 18:11:57,860 - BluetoothListener - DEBUG - Recieved bluetooth char: 0
2018-01-08 18:11:57,862 - BluetoothListener - DEBUG - Recieved bluetooth char: 0
2018-01-08 18:11:57,863 - BluetoothListener - DEBUG - Recieved bluetooth char: ;
2018-01-08 18:11:57,863 - BluetoothListener - DEBUG - Recieved Run command for bluetoothSignal: 7000
2018-01-08 18:11:57,928 - BluetoothListener - DEBUG - Sent IRSignal: Canvas, Down
2018-01-08 18:12:00,708 - BluetoothListener - DEBUG - Recieved bluetooth char: 7
2018-01-08 18:12:00,709 - BluetoothListener - DEBUG - Recieved bluetooth char: 0
2018-01-08 18:12:00,715 - BluetoothListener - DEBUG - Recieved bluetooth char: 0
2018-01-08 18:12:00,716 - BluetoothListener - DEBUG - Recieved bluetooth char: 0
2018-01-08 18:12:00,716 - BluetoothListener - DEBUG - Recieved bluetooth char: ;
2018-01-08 18:12:00,717 - BluetoothListener - DEBUG - Recieved Run command for bluetoothSignal: 7000
2018-01-08 18:12:00,784 - BluetoothListener - DEBUG - Sent IRSignal: Canvas, Down
2018-01-08 18:12:06,557 - BluetoothListener - DEBUG - Recieved bluetooth char: 1
2018-01-08 18:12:06,558 - BluetoothListener - DEBUG - Recieved bluetooth char: 2
2018-01-08 18:12:06,559 - BluetoothListener - DEBUG - Recieved bluetooth char: 1
2018-01-08 18:12:06,561 - BluetoothListener - DEBUG - Recieved bluetooth char: ;
2018-01-08 18:12:06,562 - BluetoothListener - DEBUG - Recieved Run command for bluetoothSignal: 121
2018-01-08 18:12:06,563 - BluetoothListener - INFO - Could not find bluetooth signal: 121
2018-01-08 18:13:56,990 - BluetoothListener - DEBUG - Recieved bluetooth char: 7
2018-01-08 18:13:56,991 - BluetoothListener - DEBUG - Recieved bluetooth char: 0
2018-01-08 18:13:56,992 - BluetoothListener - DEBUG - Recieved bluetooth char: 0
2018-01-08 18:13:56,994 - BluetoothListener - DEBUG - Recieved bluetooth char: 0
2018-01-08 18:13:56,995 - BluetoothListener - DEBUG - Recieved bluetooth char: ;
2018-01-08 18:13:56,996 - BluetoothListener - DEBUG - Recieved Run command for bluetoothSignal: 7000
2018-01-08 18:13:57,061 - BluetoothListener - DEBUG - Sent IRSignal: Canvas, Down
2018-01-08 18:14:02,510 - BluetoothListener - DEBUG - Recieved bluetooth char: 7
2018-01-08 18:14:02,511 - BluetoothListener - DEBUG - Recieved bluetooth char: 0
2018-01-08 18:14:02,512 - BluetoothListener - DEBUG - Recieved bluetooth char: 0
2018-01-08 18:14:02,513 - BluetoothListener - DEBUG - Recieved bluetooth char: 0
2018-01-08 18:14:02,514 - BluetoothListener - DEBUG - Recieved bluetooth char: ;
2018-01-08 18:14:02,515 - BluetoothListener - DEBUG - Recieved Run command for bluetoothSignal: 7000
2018-01-08 18:14:02,580 - BluetoothListener - DEBUG - Sent IRSignal: Canvas, Down
2018-01-08 18:14:03,440 - BluetoothListener - DEBUG - Recieved bluetooth char: 7
2018-01-08 18:14:03,442 - BluetoothListener - DEBUG - Recieved bluetooth char: 0
2018-01-08 18:14:03,442 - BluetoothListener - DEBUG - Recieved bluetooth char: 0
2018-01-08 18:14:03,443 - BluetoothListener - DEBUG - Recieved bluetooth char: 0
2018-01-08 18:14:03,444 - BluetoothListener - DEBUG - Recieved bluetooth char: ;
2018-01-08 18:14:03,445 - BluetoothListener - DEBUG - Recieved Run command for bluetoothSignal: 7000
2018-01-08 18:14:03,510 - BluetoothListener - DEBUG - Sent IRSignal: Canvas, Down
2018-01-08 18:14:04,940 - BluetoothListener - DEBUG - Recieved bluetooth char: 7
2018-01-08 18:14:04,941 - BluetoothListener - DEBUG - Recieved bluetooth char: 0
2018-01-08 18:14:04,945 - BluetoothListener - DEBUG - Recieved bluetooth char: 0
2018-01-08 18:14:04,946 - BluetoothListener - DEBUG - Recieved bluetooth char: 0
2018-01-08 18:14:04,947 - BluetoothListener - DEBUG - Recieved bluetooth char: ;
2018-01-08 18:14:04,948 - BluetoothListener - DEBUG - Recieved Run command for bluetoothSignal: 7000
2018-01-08 18:14:05,013 - BluetoothListener - DEBUG - Sent IRSignal: Canvas, Down
2018-01-08 18:50:47,140 - BluetoothListener - DEBUG - Recieved bluetooth char: 1
2018-01-08 18:50:47,141 - BluetoothListener - DEBUG - Recieved bluetooth char: 2
2018-01-08 18:50:47,142 - BluetoothListener - DEBUG - Recieved bluetooth char: 1
2018-01-08 18:50:47,144 - BluetoothListener - DEBUG - Recieved bluetooth char: ;
2018-01-08 18:50:47,145 - BluetoothListener - DEBUG - Recieved Run command for bluetoothSignal: 121
2018-01-08 18:50:47,146 - BluetoothListener - INFO - Could not find bluetooth signal: 121
2018-01-08 18:50:49,541 - BluetoothListener - DEBUG - Recieved bluetooth char: 7
2018-01-08 18:50:49,542 - BluetoothListener - DEBUG - Recieved bluetooth char: 0
2018-01-08 18:50:49,543 - BluetoothListener - DEBUG - Recieved bluetooth char: 0
2018-01-08 18:50:49,544 - BluetoothListener - DEBUG - Recieved bluetooth char: 0
2018-01-08 18:50:49,545 - BluetoothListener - DEBUG - Recieved bluetooth char: ;
2018-01-08 18:50:49,546 - BluetoothListener - DEBUG - Recieved Run command for bluetoothSignal: 7000
2018-01-08 18:50:49,615 - BluetoothListener - DEBUG - Sent IRSignal: Canvas, Down
2018-01-08 18:50:53,200 - BluetoothListener - DEBUG - Recieved bluetooth char: 7
2018-01-08 18:50:53,202 - BluetoothListener - DEBUG - Recieved bluetooth char: 0
2018-01-08 18:50:53,203 - BluetoothListener - DEBUG - Recieved bluetooth char: 0
2018-01-08 18:50:53,204 - BluetoothListener - DEBUG - Recieved bluetooth char: 0
2018-01-08 18:50:53,205 - BluetoothListener - DEBUG - Recieved bluetooth char: ;
2018-01-08 18:50:53,205 - BluetoothListener - DEBUG - Recieved Run command for bluetoothSignal: 7000
2018-01-08 18:50:53,275 - BluetoothListener - DEBUG - Sent IRSignal: Canvas, Down
2018-01-08 18:51:04,871 - BluetoothListener - DEBUG - Recieved bluetooth char: 7
2018-01-08 18:51:04,872 - BluetoothListener - DEBUG - Recieved bluetooth char: 0
2018-01-08 18:51:04,873 - BluetoothListener - DEBUG - Recieved bluetooth char: 0
2018-01-08 18:51:04,875 - BluetoothListener - DEBUG - Recieved bluetooth char: 0
2018-01-08 18:51:04,876 - BluetoothListener - DEBUG - Recieved bluetooth char: ;
2018-01-08 18:51:04,876 - BluetoothListener - DEBUG - Recieved Run command for bluetoothSignal: 7000
2018-01-08 18:51:04,942 - BluetoothListener - DEBUG - Sent IRSignal: Canvas, Down
2018-01-08 18:51:06,251 - BluetoothListener - DEBUG - Recieved bluetooth char: 7
2018-01-08 18:51:06,252 - BluetoothListener - DEBUG - Recieved bluetooth char: 0
2018-01-08 18:51:06,253 - BluetoothListener - DEBUG - Recieved bluetooth char: 0
2018-01-08 18:51:06,254 - BluetoothListener - DEBUG - Recieved bluetooth char: 0
2018-01-08 18:51:06,255 - BluetoothListener - DEBUG - Recieved bluetooth char: ;
2018-01-08 18:51:06,256 - BluetoothListener - DEBUG - Recieved Run command for bluetoothSignal: 7000
2018-01-08 18:51:06,324 - BluetoothListener - DEBUG - Sent IRSignal: Canvas, Down
2018-01-08 18:51:09,311 - BluetoothListener - DEBUG - Recieved bluetooth char: 7
2018-01-08 18:51:09,312 - BluetoothListener - DEBUG - Recieved bluetooth char: 0
2018-01-08 18:51:09,313 - BluetoothListener - DEBUG - Recieved bluetooth char: 0
2018-01-08 18:51:09,315 - BluetoothListener - DEBUG - Recieved bluetooth char: 0
2018-01-08 18:51:09,316 - BluetoothListener - DEBUG - Recieved bluetooth char: ;
2018-01-08 18:51:09,317 - BluetoothListener - DEBUG - Recieved Run command for bluetoothSignal: 7000
2018-01-08 18:51:09,383 - BluetoothListener - DEBUG - Sent IRSignal: Canvas, Down
2018-01-08 18:51:11,621 - BluetoothListener - DEBUG - Recieved bluetooth char: 7
2018-01-08 18:51:11,622 - BluetoothListener - DEBUG - Recieved bluetooth char: 0
2018-01-08 18:51:11,623 - BluetoothListener - DEBUG - Recieved bluetooth char: 0
2018-01-08 18:51:11,625 - BluetoothListener - DEBUG - Recieved bluetooth char: 0
2018-01-08 18:51:11,625 - BluetoothListener - DEBUG - Recieved bluetooth char: ;
2018-01-08 18:51:11,626 - BluetoothListener - DEBUG - Recieved Run command for bluetoothSignal: 7000
2018-01-08 18:51:11,693 - BluetoothListener - DEBUG - Sent IRSignal: Canvas, Down
2018-01-08 18:51:12,821 - BluetoothListener - DEBUG - Recieved bluetooth char: 7
2018-01-08 18:51:12,822 - BluetoothListener - DEBUG - Recieved bluetooth char: 0
2018-01-08 18:51:12,823 - BluetoothListener - DEBUG - Recieved bluetooth char: 0
2018-01-08 18:51:12,824 - BluetoothListener - DEBUG - Recieved bluetooth char: 0
2018-01-08 18:51:12,825 - BluetoothListener - DEBUG - Recieved bluetooth char: ;
2018-01-08 18:51:12,825 - BluetoothListener - DEBUG - Recieved Run command for bluetoothSignal: 7000
2018-01-08 18:51:12,893 - BluetoothListener - DEBUG - Sent IRSignal: Canvas, Down
2018-01-08 18:51:16,271 - BluetoothListener - DEBUG - Recieved bluetooth char: 7
2018-01-08 18:51:16,272 - BluetoothListener - DEBUG - Recieved bluetooth char: 0
2018-01-08 18:51:16,273 - BluetoothListener - DEBUG - Recieved bluetooth char: 0
2018-01-08 18:51:16,274 - BluetoothListener - DEBUG - Recieved bluetooth char: 0
2018-01-08 18:51:16,275 - BluetoothListener - DEBUG - Recieved bluetooth char: ;
2018-01-08 18:51:16,276 - BluetoothListener - DEBUG - Recieved Run command for bluetoothSignal: 7000
2018-01-08 18:51:16,342 - BluetoothListener - DEBUG - Sent IRSignal: Canvas, Down
2018-01-08 18:51:18,971 - BluetoothListener - DEBUG - Recieved bluetooth char: 7
2018-01-08 18:51:18,972 - BluetoothListener - DEBUG - Recieved bluetooth char: 0
2018-01-08 18:51:18,973 - BluetoothListener - DEBUG - Recieved bluetooth char: 0
2018-01-08 18:51:18,974 - BluetoothListener - DEBUG - Recieved bluetooth char: 0
2018-01-08 18:51:18,975 - BluetoothListener - DEBUG - Recieved bluetooth char: ;
2018-01-08 18:51:18,976 - BluetoothListener - DEBUG - Recieved Run command for bluetoothSignal: 7000
2018-01-08 18:51:19,043 - BluetoothListener - DEBUG - Sent IRSignal: Canvas, Down
2018-01-08 18:51:21,671 - BluetoothListener - DEBUG - Recieved bluetooth char: 7
2018-01-08 18:51:21,672 - BluetoothListener - DEBUG - Recieved bluetooth char: 0
2018-01-08 18:51:21,673 - BluetoothListener - DEBUG - Recieved bluetooth char: 0
2018-01-08 18:51:21,674 - BluetoothListener - DEBUG - Recieved bluetooth char: 0
2018-01-08 18:51:21,675 - BluetoothListener - DEBUG - Recieved bluetooth char: ;
2018-01-08 18:51:21,676 - BluetoothListener - DEBUG - Recieved Run command for bluetoothSignal: 7000
2018-01-08 18:51:21,745 - BluetoothListener - DEBUG - Sent IRSignal: Canvas, Down
2018-01-08 18:51:25,451 - BluetoothListener - DEBUG - Recieved bluetooth char: 7
2018-01-08 18:51:25,452 - BluetoothListener - DEBUG - Recieved bluetooth char: 0
2018-01-08 18:51:25,453 - BluetoothListener - DEBUG - Recieved bluetooth char: 0
2018-01-08 18:51:25,454 - BluetoothListener - DEBUG - Recieved bluetooth char: 0
2018-01-08 18:51:25,455 - BluetoothListener - DEBUG - Recieved bluetooth char: ;
2018-01-08 18:51:25,456 - BluetoothListener - DEBUG - Recieved Run command for bluetoothSignal: 7000
2018-01-08 18:51:25,520 - BluetoothListener - DEBUG - Sent IRSignal: Canvas, Down
2018-01-08 18:51:27,911 - BluetoothListener - DEBUG - Recieved bluetooth char: 7
2018-01-08 18:51:27,912 - BluetoothListener - DEBUG - Recieved bluetooth char: 0
2018-01-08 18:51:27,914 - BluetoothListener - DEBUG - Recieved bluetooth char: 0
2018-01-08 18:51:27,915 - BluetoothListener - DEBUG - Recieved bluetooth char: 0
2018-01-08 18:51:27,916 - BluetoothListener - DEBUG - Recieved bluetooth char: ;
2018-01-08 18:51:27,917 - BluetoothListener - DEBUG - Recieved Run command for bluetoothSignal: 7000
2018-01-08 18:51:27,983 - BluetoothListener - DEBUG - Sent IRSignal: Canvas, Down
2018-01-08 18:51:29,081 - BluetoothListener - DEBUG - Recieved bluetooth char: 7
2018-01-08 18:51:29,082 - BluetoothListener - DEBUG - Recieved bluetooth char: 0
2018-01-08 18:51:29,083 - BluetoothListener - DEBUG - Recieved bluetooth char: 0
2018-01-08 18:51:29,084 - BluetoothListener - DEBUG - Recieved bluetooth char: 0
2018-01-08 18:51:29,085 - BluetoothListener - DEBUG - Recieved bluetooth char: ;
2018-01-08 18:51:29,086 - BluetoothListener - DEBUG - Recieved Run command for bluetoothSignal: 7000
2018-01-08 18:51:29,152 - BluetoothListener - DEBUG - Sent IRSignal: Canvas, Down
2018-01-08 18:51:35,531 - BluetoothListener - DEBUG - Recieved bluetooth char: 7
2018-01-08 18:51:35,532 - BluetoothListener - DEBUG - Recieved bluetooth char: 0
2018-01-08 18:51:35,533 - BluetoothListener - DEBUG - Recieved bluetooth char: 0
2018-01-08 18:51:35,535 - BluetoothListener - DEBUG - Recieved bluetooth char: 0
2018-01-08 18:51:35,536 - BluetoothListener - DEBUG - Recieved bluetooth char: ;
2018-01-08 18:51:35,537 - BluetoothListener - DEBUG - Recieved Run command for bluetoothSignal: 7000
2018-01-08 18:51:35,603 - BluetoothListener - DEBUG - Sent IRSignal: Canvas, Down
2018-01-08 18:51:54,401 - BluetoothListener - DEBUG - Recieved bluetooth char: 7
2018-01-08 18:51:54,403 - BluetoothListener - DEBUG - Recieved bluetooth char: 0
2018-01-08 18:51:54,404 - BluetoothListener - DEBUG - Recieved bluetooth char: 0
2018-01-08 18:51:54,405 - BluetoothListener - DEBUG - Recieved bluetooth char: 0
2018-01-08 18:51:54,406 - BluetoothListener - DEBUG - Recieved bluetooth char: ;
2018-01-08 18:51:54,407 - BluetoothListener - DEBUG - Recieved Run command for bluetoothSignal: 7000
2018-01-08 18:51:54,476 - BluetoothListener - DEBUG - Sent IRSignal: Canvas, Down
2018-01-08 18:53:26,772 - BluetoothListener - DEBUG - Recieved bluetooth char: 7
2018-01-08 18:53:26,774 - BluetoothListener - DEBUG - Recieved bluetooth char: 0
2018-01-08 18:53:26,775 - BluetoothListener - DEBUG - Recieved bluetooth char: 0
2018-01-08 18:53:26,777 - BluetoothListener - DEBUG - Recieved bluetooth char: 0
2018-01-08 18:53:26,778 - BluetoothListener - DEBUG - Recieved bluetooth char: ;
2018-01-08 18:53:26,779 - BluetoothListener - DEBUG - Recieved Run command for bluetoothSignal: 7000
2018-01-08 18:53:26,844 - BluetoothListener - DEBUG - Sent IRSignal: Canvas, Down
2018-01-08 18:53:29,082 - BluetoothListener - DEBUG - Recieved bluetooth char: 7
2018-01-08 18:53:29,083 - BluetoothListener - DEBUG - Recieved bluetooth char: 0
2018-01-08 18:53:29,084 - BluetoothListener - DEBUG - Recieved bluetooth char: 0
2018-01-08 18:53:29,085 - BluetoothListener - DEBUG - Recieved bluetooth char: 0
2018-01-08 18:53:29,086 - BluetoothListener - DEBUG - Recieved bluetooth char: ;
2018-01-08 18:53:29,087 - BluetoothListener - DEBUG - Recieved Run command for bluetoothSignal: 7000
2018-01-08 18:53:29,154 - BluetoothListener - DEBUG - Sent IRSignal: Canvas, Down
2018-01-08 18:53:33,072 - BluetoothListener - DEBUG - Recieved bluetooth char: 7
2018-01-08 18:53:33,073 - BluetoothListener - DEBUG - Recieved bluetooth char: 0
2018-01-08 18:53:33,075 - BluetoothListener - DEBUG - Recieved bluetooth char: 0
2018-01-08 18:53:33,076 - BluetoothListener - DEBUG - Recieved bluetooth char: 0
2018-01-08 18:53:33,077 - BluetoothListener - DEBUG - Recieved bluetooth char: ;
2018-01-08 18:53:33,078 - BluetoothListener - DEBUG - Recieved Run command for bluetoothSignal: 7000
2018-01-08 18:53:33,145 - BluetoothListener - DEBUG - Sent IRSignal: Canvas, Down
2018-01-08 18:53:37,122 - BluetoothListener - DEBUG - Recieved bluetooth char: 7
2018-01-08 18:53:37,123 - BluetoothListener - DEBUG - Recieved bluetooth char: 0
2018-01-08 18:53:37,125 - BluetoothListener - DEBUG - Recieved bluetooth char: 0
2018-01-08 18:53:37,127 - BluetoothListener - DEBUG - Recieved bluetooth char: 0
2018-01-08 18:53:37,128 - BluetoothListener - DEBUG - Recieved bluetooth char: ;
2018-01-08 18:53:37,129 - BluetoothListener - DEBUG - Recieved Run command for bluetoothSignal: 7000
2018-01-08 18:53:37,194 - BluetoothListener - DEBUG - Sent IRSignal: Canvas, Down
2018-01-08 18:53:42,462 - BluetoothListener - DEBUG - Recieved bluetooth char: 7
2018-01-08 18:53:42,463 - BluetoothListener - DEBUG - Recieved bluetooth char: 0
2018-01-08 18:53:42,464 - BluetoothListener - DEBUG - Recieved bluetooth char: 0
2018-01-08 18:53:42,465 - BluetoothListener - DEBUG - Recieved bluetooth char: 0
2018-01-08 18:53:42,466 - BluetoothListener - DEBUG - Recieved bluetooth char: ;
2018-01-08 18:53:42,467 - BluetoothListener - DEBUG - Recieved Run command for bluetoothSignal: 7000
2018-01-08 18:53:42,538 - BluetoothListener - DEBUG - Sent IRSignal: Canvas, Down
2018-01-08 18:54:14,652 - BluetoothListener - DEBUG - Recieved bluetooth char: 7
2018-01-08 18:54:14,654 - BluetoothListener - DEBUG - Recieved bluetooth char: 0
2018-01-08 18:54:14,656 - BluetoothListener - DEBUG - Recieved bluetooth char: 0
2018-01-08 18:54:14,657 - BluetoothListener - DEBUG - Recieved bluetooth char: 0
2018-01-08 18:54:14,658 - BluetoothListener - DEBUG - Recieved bluetooth char: ;
2018-01-08 18:54:14,660 - BluetoothListener - DEBUG - Recieved Run command for bluetoothSignal: 7000
2018-01-08 18:54:14,727 - BluetoothListener - DEBUG - Sent IRSignal: Canvas, Down
2018-01-08 18:54:55,933 - BluetoothListener - DEBUG - Recieved bluetooth char: 7
2018-01-08 18:54:55,934 - BluetoothListener - DEBUG - Recieved bluetooth char: 0
2018-01-08 18:54:55,936 - BluetoothListener - DEBUG - Recieved bluetooth char: 0
2018-01-08 18:54:55,937 - BluetoothListener - DEBUG - Recieved bluetooth char: 0
2018-01-08 18:54:55,939 - BluetoothListener - DEBUG - Recieved bluetooth char: ;
2018-01-08 18:54:55,940 - BluetoothListener - DEBUG - Recieved Run command for bluetoothSignal: 7000
2018-01-08 18:54:56,006 - BluetoothListener - DEBUG - Sent IRSignal: Canvas, Down
2018-01-08 18:54:57,643 - BluetoothListener - DEBUG - Recieved bluetooth char: 7
2018-01-08 18:54:57,644 - BluetoothListener - DEBUG - Recieved bluetooth char: 0
2018-01-08 18:54:57,645 - BluetoothListener - DEBUG - Recieved bluetooth char: 0
2018-01-08 18:54:57,646 - BluetoothListener - DEBUG - Recieved bluetooth char: 0
2018-01-08 18:54:57,647 - BluetoothListener - DEBUG - Recieved bluetooth char: ;
2018-01-08 18:54:57,648 - BluetoothListener - DEBUG - Recieved Run command for bluetoothSignal: 7000
2018-01-08 18:54:57,715 - BluetoothListener - DEBUG - Sent IRSignal: Canvas, Down
2018-01-08 18:55:01,092 - BluetoothListener - DEBUG - Recieved bluetooth char: 1
2018-01-08 18:55:01,093 - BluetoothListener - DEBUG - Recieved bluetooth char: 2
2018-01-08 18:55:01,094 - BluetoothListener - DEBUG - Recieved bluetooth char: 1
2018-01-08 18:55:01,095 - BluetoothListener - DEBUG - Recieved bluetooth char: ;
2018-01-08 18:55:01,096 - BluetoothListener - DEBUG - Recieved Run command for bluetoothSignal: 121
2018-01-08 18:55:01,097 - BluetoothListener - INFO - Could not find bluetooth signal: 121
2018-01-08 18:55:01,452 - BluetoothListener - DEBUG - Recieved bluetooth char: 1
2018-01-08 18:55:01,453 - BluetoothListener - DEBUG - Recieved bluetooth char: 2
2018-01-08 18:55:01,455 - BluetoothListener - DEBUG - Recieved bluetooth char: 0
2018-01-08 18:55:01,456 - BluetoothListener - DEBUG - Recieved bluetooth char: ;
2018-01-08 18:55:01,457 - BluetoothListener - DEBUG - Recieved Run command for bluetoothSignal: 120
2018-01-08 18:55:01,458 - BluetoothListener - INFO - Could not find bluetooth signal: 120
2018-01-08 18:55:04,602 - BluetoothListener - DEBUG - Recieved bluetooth char: 1
2018-01-08 18:55:04,603 - BluetoothListener - DEBUG - Recieved bluetooth char: 2
2018-01-08 18:55:04,605 - BluetoothListener - DEBUG - Recieved bluetooth char: 1
2018-01-08 18:55:04,606 - BluetoothListener - DEBUG - Recieved bluetooth char: ;
2018-01-08 18:55:04,607 - BluetoothListener - DEBUG - Recieved Run command for bluetoothSignal: 121
2018-01-08 18:55:04,608 - BluetoothListener - INFO - Could not find bluetooth signal: 121
2018-01-08 18:55:04,782 - BluetoothListener - DEBUG - Recieved bluetooth char: 1
2018-01-08 18:55:04,783 - BluetoothListener - DEBUG - Recieved bluetooth char: 2
2018-01-08 18:55:04,784 - BluetoothListener - DEBUG - Recieved bluetooth char: 1
2018-01-08 18:55:04,785 - BluetoothListener - DEBUG - Recieved bluetooth char: ;
2018-01-08 18:55:04,786 - BluetoothListener - DEBUG - Recieved Run command for bluetoothSignal: 121
2018-01-08 18:55:04,787 - BluetoothListener - INFO - Could not find bluetooth signal: 121
2018-01-08 18:55:06,373 - BluetoothListener - DEBUG - Recieved bluetooth char: 7
2018-01-08 18:55:06,374 - BluetoothListener - DEBUG - Recieved bluetooth char: 0
2018-01-08 18:55:06,376 - BluetoothListener - DEBUG - Recieved bluetooth char: 0
2018-01-08 18:55:06,377 - BluetoothListener - DEBUG - Recieved bluetooth char: 0
2018-01-08 18:55:06,378 - BluetoothListener - DEBUG - Recieved bluetooth char: ;
2018-01-08 18:55:06,378 - BluetoothListener - DEBUG - Recieved Run command for bluetoothSignal: 7000
2018-01-08 18:55:06,443 - BluetoothListener - DEBUG - Sent IRSignal: Canvas, Down
2018-01-08 18:55:08,173 - BluetoothListener - DEBUG - Recieved bluetooth char: 7
2018-01-08 18:55:08,174 - BluetoothListener - DEBUG - Recieved bluetooth char: 0
2018-01-08 18:55:08,175 - BluetoothListener - DEBUG - Recieved bluetooth char: 0
2018-01-08 18:55:08,176 - BluetoothListener - DEBUG - Recieved bluetooth char: 0
2018-01-08 18:55:08,177 - BluetoothListener - DEBUG - Recieved bluetooth char: ;
2018-01-08 18:55:08,178 - BluetoothListener - DEBUG - Recieved Run command for bluetoothSignal: 7000
2018-01-08 18:55:08,243 - BluetoothListener - DEBUG - Sent IRSignal: Canvas, Down
2018-01-08 18:55:11,623 - BluetoothListener - DEBUG - Recieved bluetooth char: 7
2018-01-08 18:55:11,625 - BluetoothListener - DEBUG - Recieved bluetooth char: 0
2018-01-08 18:55:11,626 - BluetoothListener - DEBUG - Recieved bluetooth char: 0
2018-01-08 18:55:11,627 - BluetoothListener - DEBUG - Recieved bluetooth char: 0
2018-01-08 18:55:11,628 - BluetoothListener - DEBUG - Recieved bluetooth char: ;
2018-01-08 18:55:11,628 - BluetoothListener - DEBUG - Recieved Run command for bluetoothSignal: 7000
2018-01-08 18:55:11,693 - BluetoothListener - DEBUG - Sent IRSignal: Canvas, Down
2018-01-08 18:55:15,583 - BluetoothListener - DEBUG - Recieved bluetooth char: 7
2018-01-08 18:55:15,584 - BluetoothListener - DEBUG - Recieved bluetooth char: 0
2018-01-08 18:55:15,586 - BluetoothListener - DEBUG - Recieved bluetooth char: 0
2018-01-08 18:55:15,587 - BluetoothListener - DEBUG - Recieved bluetooth char: 0
2018-01-08 18:55:15,588 - BluetoothListener - DEBUG - Recieved bluetooth char: ;
2018-01-08 18:55:15,590 - BluetoothListener - DEBUG - Recieved Run command for bluetoothSignal: 7000
2018-01-08 18:55:15,655 - BluetoothListener - DEBUG - Sent IRSignal: Canvas, Down
2018-01-08 18:55:18,913 - BluetoothListener - DEBUG - Recieved bluetooth char: 7
2018-01-08 18:55:18,914 - BluetoothListener - DEBUG - Recieved bluetooth char: 0
2018-01-08 18:55:18,916 - BluetoothListener - DEBUG - Recieved bluetooth char: 0
2018-01-08 18:55:18,917 - BluetoothListener - DEBUG - Recieved bluetooth char: 0
2018-01-08 18:55:18,918 - BluetoothListener - DEBUG - Recieved bluetooth char: ;
2018-01-08 18:55:18,919 - BluetoothListener - DEBUG - Recieved Run command for bluetoothSignal: 7000
2018-01-08 18:55:18,988 - BluetoothListener - DEBUG - Sent IRSignal: Canvas, Down
2018-01-08 18:55:25,393 - BluetoothListener - DEBUG - Recieved bluetooth char: 7
2018-01-08 18:55:25,395 - BluetoothListener - DEBUG - Recieved bluetooth char: 0
2018-01-08 18:55:25,396 - BluetoothListener - DEBUG - Recieved bluetooth char: 0
2018-01-08 18:55:25,397 - BluetoothListener - DEBUG - Recieved bluetooth char: 0
2018-01-08 18:55:25,398 - BluetoothListener - DEBUG - Recieved bluetooth char: ;
2018-01-08 18:55:25,398 - BluetoothListener - DEBUG - Recieved Run command for bluetoothSignal: 7000
2018-01-08 18:55:25,469 - BluetoothListener - DEBUG - Sent IRSignal: Canvas, Down
2018-01-08 18:55:32,593 - BluetoothListener - DEBUG - Recieved bluetooth char: 7
2018-01-08 18:55:32,595 - BluetoothListener - DEBUG - Recieved bluetooth char: 0
2018-01-08 18:55:32,596 - BluetoothListener - DEBUG - Recieved bluetooth char: 0
2018-01-08 18:55:32,597 - BluetoothListener - DEBUG - Recieved bluetooth char: 0
2018-01-08 18:55:32,598 - BluetoothListener - DEBUG - Recieved bluetooth char: ;
2018-01-08 18:55:32,599 - BluetoothListener - DEBUG - Recieved Run command for bluetoothSignal: 7000
2018-01-08 18:55:32,671 - BluetoothListener - DEBUG - Sent IRSignal: Canvas, Down
2018-01-08 18:56:10,274 - BluetoothListener - DEBUG - Recieved bluetooth char: 7
2018-01-08 18:56:10,275 - BluetoothListener - DEBUG - Recieved bluetooth char: 0
2018-01-08 18:56:10,277 - BluetoothListener - DEBUG - Recieved bluetooth char: 0
2018-01-08 18:56:10,278 - BluetoothListener - DEBUG - Recieved bluetooth char: 0
2018-01-08 18:56:10,279 - BluetoothListener - DEBUG - Recieved bluetooth char: ;
2018-01-08 18:56:10,279 - BluetoothListener - DEBUG - Recieved Run command for bluetoothSignal: 7000
2018-01-08 18:56:10,346 - BluetoothListener - DEBUG - Sent IRSignal: Canvas, Down
2018-01-08 18:58:05,655 - BluetoothListener - DEBUG - Recieved bluetooth char: 7
2018-01-08 18:58:05,656 - BluetoothListener - DEBUG - Recieved bluetooth char: 0
2018-01-08 18:58:05,658 - BluetoothListener - DEBUG - Recieved bluetooth char: 0
2018-01-08 18:58:05,659 - BluetoothListener - DEBUG - Recieved bluetooth char: 0
2018-01-08 18:58:05,660 - BluetoothListener - DEBUG - Recieved bluetooth char: ;
2018-01-08 18:58:05,661 - BluetoothListener - DEBUG - Recieved Run command for bluetoothSignal: 7000
2018-01-08 18:58:05,728 - BluetoothListener - DEBUG - Sent IRSignal: Canvas, Down
2018-01-08 19:01:29,687 - BluetoothListener - DEBUG - Recieved bluetooth char: 7
2018-01-08 19:01:29,689 - BluetoothListener - DEBUG - Recieved bluetooth char: 0
2018-01-08 19:01:29,690 - BluetoothListener - DEBUG - Recieved bluetooth char: 0
2018-01-08 19:01:29,692 - BluetoothListener - DEBUG - Recieved bluetooth char: 0
2018-01-08 19:01:29,693 - BluetoothListener - DEBUG - Recieved bluetooth char: ;
2018-01-08 19:01:29,694 - BluetoothListener - DEBUG - Recieved Run command for bluetoothSignal: 7000
2018-01-08 19:01:29,764 - BluetoothListener - DEBUG - Sent IRSignal: Canvas, Down
2018-01-08 19:01:43,817 - BluetoothListener - DEBUG - Recieved bluetooth char: 7
2018-01-08 19:01:43,819 - BluetoothListener - DEBUG - Recieved bluetooth char: 0
2018-01-08 19:01:43,820 - BluetoothListener - DEBUG - Recieved bluetooth char: 0
2018-01-08 19:01:43,821 - BluetoothListener - DEBUG - Recieved bluetooth char: 0
2018-01-08 19:01:43,822 - BluetoothListener - DEBUG - Recieved bluetooth char: ;
2018-01-08 19:01:43,823 - BluetoothListener - DEBUG - Recieved Run command for bluetoothSignal: 7000
2018-01-08 19:01:43,887 - BluetoothListener - DEBUG - Sent IRSignal: Canvas, Down
2018-01-08 19:01:48,437 - BluetoothListener - DEBUG - Recieved bluetooth char: 7
2018-01-08 19:01:48,439 - BluetoothListener - DEBUG - Recieved bluetooth char: 0
2018-01-08 19:01:48,440 - BluetoothListener - DEBUG - Recieved bluetooth char: 0
2018-01-08 19:01:48,441 - BluetoothListener - DEBUG - Recieved bluetooth char: 0
2018-01-08 19:01:48,442 - BluetoothListener - DEBUG - Recieved bluetooth char: ;
2018-01-08 19:01:48,442 - BluetoothListener - DEBUG - Recieved Run command for bluetoothSignal: 7000
2018-01-08 19:01:48,509 - BluetoothListener - DEBUG - Sent IRSignal: Canvas, Down
2018-01-08 19:01:52,667 - BluetoothListener - DEBUG - Recieved bluetooth char: 7
2018-01-08 19:01:52,669 - BluetoothListener - DEBUG - Recieved bluetooth char: 0
2018-01-08 19:01:52,670 - BluetoothListener - DEBUG - Recieved bluetooth char: 0
2018-01-08 19:01:52,672 - BluetoothListener - DEBUG - Recieved bluetooth char: 0
2018-01-08 19:01:52,673 - BluetoothListener - DEBUG - Recieved bluetooth char: ;
2018-01-08 19:01:52,675 - BluetoothListener - DEBUG - Recieved Run command for bluetoothSignal: 7000
2018-01-08 19:01:52,744 - BluetoothListener - DEBUG - Sent IRSignal: Canvas, Down
2018-01-08 19:01:56,627 - BluetoothListener - DEBUG - Recieved bluetooth char: 7
2018-01-08 19:01:56,629 - BluetoothListener - DEBUG - Recieved bluetooth char: 0
2018-01-08 19:01:56,630 - BluetoothListener - DEBUG - Recieved bluetooth char: 0
2018-01-08 19:01:56,631 - BluetoothListener - DEBUG - Recieved bluetooth char: 0
2018-01-08 19:01:56,632 - BluetoothListener - DEBUG - Recieved bluetooth char: ;
2018-01-08 19:01:56,632 - BluetoothListener - DEBUG - Recieved Run command for bluetoothSignal: 7000
2018-01-08 19:01:56,700 - BluetoothListener - DEBUG - Sent IRSignal: Canvas, Down
2018-01-08 19:02:14,922 - BluetoothListener - DEBUG - Reading IR-signals file
2018-01-08 19:02:14,931 - BluetoothListener - DEBUG - Reading sequences file
2018-01-08 19:02:17,868 - BluetoothListener - DEBUG - Recieved bluetooth char: 7
2018-01-08 19:02:17,869 - BluetoothListener - DEBUG - Recieved bluetooth char: 0
2018-01-08 19:02:17,870 - BluetoothListener - DEBUG - Recieved bluetooth char: 0
2018-01-08 19:02:17,871 - BluetoothListener - DEBUG - Recieved bluetooth char: 0
2018-01-08 19:02:17,872 - BluetoothListener - DEBUG - Recieved bluetooth char: ;
2018-01-08 19:02:17,873 - BluetoothListener - DEBUG - Recieved Run command for bluetoothSignal: 7000
2018-01-08 19:02:18,223 - BluetoothListener - DEBUG - Sent IRSignal: Canvas, Down
2018-01-08 19:02:23,418 - BluetoothListener - DEBUG - Recieved bluetooth char: 7
2018-01-08 19:02:23,421 - BluetoothListener - DEBUG - Recieved bluetooth char: 0
2018-01-08 19:02:23,422 - BluetoothListener - DEBUG - Recieved bluetooth char: 0
2018-01-08 19:02:23,423 - BluetoothListener - DEBUG - Recieved bluetooth char: 0
2018-01-08 19:02:23,424 - BluetoothListener - DEBUG - Recieved bluetooth char: ;
2018-01-08 19:02:23,425 - BluetoothListener - DEBUG - Recieved Run command for bluetoothSignal: 7000
2018-01-08 19:02:23,766 - BluetoothListener - DEBUG - Sent IRSignal: Canvas, Down
2018-01-08 19:02:27,138 - BluetoothListener - DEBUG - Recieved bluetooth char: 7
2018-01-08 19:02:27,140 - BluetoothListener - DEBUG - Recieved bluetooth char: 0
2018-01-08 19:02:27,141 - BluetoothListener - DEBUG - Recieved bluetooth char: 0
2018-01-08 19:02:27,142 - BluetoothListener - DEBUG - Recieved bluetooth char: 0
2018-01-08 19:02:27,142 - BluetoothListener - DEBUG - Recieved bluetooth char: ;
2018-01-08 19:02:27,143 - BluetoothListener - DEBUG - Recieved Run command for bluetoothSignal: 7000
2018-01-08 19:02:27,491 - BluetoothListener - DEBUG - Sent IRSignal: Canvas, Down
2018-01-08 19:02:32,298 - BluetoothListener - DEBUG - Recieved bluetooth char: 7
2018-01-08 19:02:32,299 - BluetoothListener - DEBUG - Recieved bluetooth char: 0
2018-01-08 19:02:32,300 - BluetoothListener - DEBUG - Recieved bluetooth char: 0
2018-01-08 19:02:32,301 - BluetoothListener - DEBUG - Recieved bluetooth char: 0
2018-01-08 19:02:32,302 - BluetoothListener - DEBUG - Recieved bluetooth char: ;
2018-01-08 19:02:32,303 - BluetoothListener - DEBUG - Recieved Run command for bluetoothSignal: 7000
2018-01-08 19:02:32,644 - BluetoothListener - DEBUG - Sent IRSignal: Canvas, Down
2018-01-08 19:04:46,879 - BluetoothListener - DEBUG - Recieved bluetooth char: 7
2018-01-08 19:04:46,881 - BluetoothListener - DEBUG - Recieved bluetooth char: 0
2018-01-08 19:04:46,882 - BluetoothListener - DEBUG - Recieved bluetooth char: 0
2018-01-08 19:04:46,883 - BluetoothListener - DEBUG - Recieved bluetooth char: 0
2018-01-08 19:04:46,884 - BluetoothListener - DEBUG - Recieved bluetooth char: ;
2018-01-08 19:04:46,885 - BluetoothListener - DEBUG - Recieved Run command for bluetoothSignal: 7000
2018-01-08 19:04:47,228 - BluetoothListener - DEBUG - Sent IRSignal: Canvas, Down
2018-01-08 19:05:19,508 - BluetoothListener - DEBUG - Recieved bluetooth char: 2
2018-01-08 19:05:19,509 - BluetoothListener - DEBUG - Recieved bluetooth char: 1
2018-01-08 19:05:19,510 - BluetoothListener - DEBUG - Recieved bluetooth char: 0
2018-01-08 19:05:19,511 - BluetoothListener - DEBUG - Recieved bluetooth char: 0
2018-01-08 19:05:38,189 - BluetoothListener - DEBUG - Recieved bluetooth char: 2
2018-01-08 19:05:38,191 - BluetoothListener - DEBUG - Recieved bluetooth char: 1
2018-01-08 19:05:38,193 - BluetoothListener - DEBUG - Recieved bluetooth char: 0
2018-01-08 19:05:38,194 - BluetoothListener - DEBUG - Recieved bluetooth char: 0
2018-01-08 19:05:38,196 - BluetoothListener - DEBUG - Recieved bluetooth char: :
2018-01-08 19:05:58,903 - BluetoothListener - DEBUG - Recieved bluetooth char: 2
2018-01-08 19:05:58,904 - BluetoothListener - DEBUG - Recieved bluetooth char: 1
2018-01-08 19:05:58,906 - BluetoothListener - DEBUG - Recieved bluetooth char: 0
2018-01-08 19:05:58,907 - BluetoothListener - DEBUG - Recieved bluetooth char: 0
2018-01-08 19:05:58,908 - BluetoothListener - DEBUG - Recieved bluetooth char: ;
2018-01-08 19:05:58,909 - BluetoothListener - DEBUG - Recieved Run command for bluetoothSignal: 21002100:2100
2018-01-08 19:05:58,909 - BluetoothListener - INFO - Could not find bluetooth signal: 21002100:2100
2018-01-08 19:06:01,663 - BluetoothListener - DEBUG - Recieved bluetooth char: 2
2018-01-08 19:06:01,664 - BluetoothListener - DEBUG - Recieved bluetooth char: 1
2018-01-08 19:06:01,665 - BluetoothListener - DEBUG - Recieved bluetooth char: 0
2018-01-08 19:06:01,666 - BluetoothListener - DEBUG - Recieved bluetooth char: 0
2018-01-08 19:06:01,667 - BluetoothListener - DEBUG - Recieved bluetooth char: ;
2018-01-08 19:06:01,668 - BluetoothListener - DEBUG - Recieved Run command for bluetoothSignal: 2100
2018-01-08 19:06:02,040 - BluetoothListener - DEBUG - Sent IRSignal: Reciever, On
2018-01-08 19:06:10,363 - BluetoothListener - DEBUG - Recieved bluetooth char: 2
2018-01-08 19:06:10,365 - BluetoothListener - DEBUG - Recieved bluetooth char: 1
2018-01-08 19:06:10,366 - BluetoothListener - DEBUG - Recieved bluetooth char: 0
2018-01-08 19:06:10,367 - BluetoothListener - DEBUG - Recieved bluetooth char: 0
2018-01-08 19:06:10,369 - BluetoothListener - DEBUG - Recieved bluetooth char: ;
2018-01-08 19:06:10,370 - BluetoothListener - DEBUG - Recieved Run command for bluetoothSignal: 2100
2018-01-08 19:06:10,743 - BluetoothListener - DEBUG - Sent IRSignal: Reciever, On
