2018-01-08 16:25:43,909 - FileHandler - ERROR - Bluetooth signal: 2100 incorrect, arguments[1] is sig, meaning that number of arguments should be 4, but number of arguments are: 3
2018-01-08 16:25:43,912 - FileHandler - ERROR - Incorrect format at line: 24, skipping signal: 2100
2018-01-08 16:27:13,740 - FileHandler - ERROR - Bluetooth signal: 2100 incorrect, arguments[1] is sig, meaning that number of arguments should be 4, but number of arguments are: 3
2018-01-08 16:27:13,741 - FileHandler - ERROR - Incorrect format at line: 24, skipping signal: 2100
2018-01-08 16:27:13,746 - FileHandler - WARNING - Bluetooth signals file contained signal: 2209 more than once, last at line: 43 only the last can be used
2018-01-08 16:27:13,749 - FileHandler - ERROR - Bluetooth signal: 
 incorrect, number of arguments should be 3 or 4, but is: 1
2018-01-08 16:27:13,750 - FileHandler - ERROR - Incorrect format at line: 59, skipping signal: 

2018-01-08 16:28:36,251 - FileHandler - ERROR - Bluetooth signal: 2100 incorrect, arguments[1] is sig, meaning that number of arguments should be 4, but number of arguments are: 3
2018-01-08 16:28:36,252 - FileHandler - ERROR - Incorrect format at line: 24, skipping signal: 2100
2018-01-08 16:28:36,255 - FileHandler - ERROR - Bluetooth signal: 
 incorrect, number of arguments should be 3 or 4, but is: 1
2018-01-08 16:28:36,257 - FileHandler - ERROR - Incorrect format at line: 59, skipping signal: 

2018-01-08 16:30:48,433 - FileHandler - ERROR - Bluetooth signal: 2100 incorrect, arguments[1] is sig, meaning that number of arguments should be 4, but number of arguments are: 3
2018-01-08 16:30:48,436 - FileHandler - ERROR - Incorrect format at line: 24, skipping signal: 2100
2018-01-08 16:31:15,617 - FileHandler - ERROR - Bluetooth signal: 2100 incorrect, number of arguments should be 3 or 4, but is: 5
2018-01-08 16:31:15,618 - FileHandler - ERROR - Incorrect format at line: 24, skipping signal: 2100
2018-01-08 17:31:07,933 - FileHandler - DEBUG - Attempting to read: ./SignalFiles/IRSignals
2018-01-08 17:31:07,933 - FileHandler - DEBUG - File ./SignalFiles/IRSignals read
2018-01-08 17:31:07,937 - FileHandler - DEBUG - Performing backup of ./SignalFiles/IRSignals
2018-01-08 17:31:07,939 - FileHandler - DEBUG - Attempting to save JSON to: ./SignalFiles/IRSignals
2018-01-08 17:31:07,965 - FileHandler - DEBUG - Saved JSON to: ./SignalFiles/IRSignals
2018-01-08 17:31:14,218 - FileHandler - DEBUG - Attempting to read: ./SignalFiles/IRSignals
2018-01-08 17:31:14,218 - FileHandler - DEBUG - File ./SignalFiles/IRSignals read
2018-01-08 17:31:14,221 - FileHandler - DEBUG - Performing backup of ./SignalFiles/IRSignals
2018-01-08 17:31:14,224 - FileHandler - DEBUG - Attempting to save JSON to: ./SignalFiles/IRSignals
2018-01-08 17:31:14,248 - FileHandler - DEBUG - Saved JSON to: ./SignalFiles/IRSignals
2018-01-08 17:31:31,352 - FileHandler - DEBUG - Attempting to read: ./SignalFiles/IRSignals
2018-01-08 17:31:31,354 - FileHandler - DEBUG - File ./SignalFiles/IRSignals read
2018-01-08 17:31:31,363 - FileHandler - DEBUG - Attempting to read sequence file: ./SignalFiles/Sequences
2018-01-08 17:31:31,364 - FileHandler - DEBUG - Succsesfully read sequence file: ./SignalFiles/Sequences
2018-01-08 17:31:31,366 - FileHandler - DEBUG - Succsesfully parsed sequences from file: ./SignalFiles/Sequences into dictionary
2018-01-08 17:31:31,367 - FileHandler - DEBUG - Attempting to read Bluetooth signals file: ./SignalFiles/BluetoothSignals
2018-01-08 17:31:31,369 - FileHandler - DEBUG - Succsesfully read Bluetooth signals file: ./SignalFiles/BluetoothSignals
2018-01-08 17:31:31,370 - FileHandler - DEBUG - Starting to add bluetooth signals
2018-01-08 17:31:31,373 - FileHandler - DEBUG - Adding bluetooth signal: ['2100', 'sig', 'Reciever', 'On']
2018-01-08 17:31:31,375 - FileHandler - DEBUG - Adding bluetooth signal: ['2101', 'sig', 'Reciever', 'Off']
2018-01-08 17:31:31,376 - FileHandler - DEBUG - Adding bluetooth signal: ['2201', 'sig', 'Reciever', 'Up']
2018-01-08 17:31:31,377 - FileHandler - DEBUG - Adding bluetooth signal: ['2202', 'sig', 'Reciever', 'Down']
2018-01-08 17:31:31,377 - FileHandler - DEBUG - Adding bluetooth signal: ['2203', 'sig', 'Reciever', 'Left']
2018-01-08 17:31:31,378 - FileHandler - DEBUG - Adding bluetooth signal: ['2204', 'sig', 'Reciever', 'Right']
2018-01-08 17:31:31,379 - FileHandler - DEBUG - Adding bluetooth signal: ['2205', 'sig', 'Reciever', 'VolUp']
2018-01-08 17:31:31,380 - FileHandler - DEBUG - Adding bluetooth signal: ['2206', 'sig', 'Reciever', 'VolDown']
2018-01-08 17:31:31,381 - FileHandler - DEBUG - Adding bluetooth signal: ['2209', 'sig', 'Reciever', 'Enter']
2018-01-08 17:31:31,381 - FileHandler - DEBUG - Adding bluetooth signal: ['2210', 'sig', 'Reciever', 'Menu']
2018-01-08 17:31:31,382 - FileHandler - DEBUG - Adding bluetooth signal: ['4100', 'sig', 'AppleTV', 'Home']
2018-01-08 17:31:31,383 - FileHandler - DEBUG - Adding bluetooth signal: ['4201', 'sig', 'AppleTV', 'Up']
2018-01-08 17:31:31,384 - FileHandler - DEBUG - Adding bluetooth signal: ['4202', 'sig', 'AppleTV', 'Down']
2018-01-08 17:31:31,385 - FileHandler - DEBUG - Adding bluetooth signal: ['4203', 'sig', 'AppleTV', 'Left']
2018-01-08 17:31:31,386 - FileHandler - DEBUG - Adding bluetooth signal: ['4204', 'sig', 'AppleTV', 'Right']
2018-01-08 17:31:31,387 - FileHandler - DEBUG - Adding bluetooth signal: ['4209', 'sig', 'AppleTV', 'Enter']
2018-01-08 17:31:31,387 - FileHandler - DEBUG - Adding bluetooth signal: ['4210', 'sig', 'AppleTV', 'Menu']
2018-01-08 17:31:31,389 - FileHandler - DEBUG - Adding bluetooth signal: ['5100', 'sig', 'Projector', 'On']
2018-01-08 17:31:31,390 - FileHandler - DEBUG - Adding bluetooth signal: ['5101', 'sig', 'Projector', 'Off']
2018-01-08 17:31:31,392 - FileHandler - DEBUG - Adding bluetooth signal: ['5201', 'sig', 'Projector', 'Up']
2018-01-08 17:31:31,395 - FileHandler - DEBUG - Adding bluetooth signal: ['5202', 'sig', 'Projector', 'Down']
2018-01-08 17:31:31,396 - FileHandler - DEBUG - Adding bluetooth signal: ['5203', 'sig', 'Projector', 'Left']
2018-01-08 17:31:31,398 - FileHandler - DEBUG - Adding bluetooth signal: ['5204', 'sig', 'Projector', 'Right']
2018-01-08 17:31:31,399 - FileHandler - DEBUG - Adding bluetooth signal: ['5210', 'sig', 'Projector', 'Menu']
2018-01-08 17:31:31,401 - FileHandler - DEBUG - Adding bluetooth signal: ['7000', 'sig', 'Canvas', 'Down']
2018-01-08 17:31:31,402 - FileHandler - DEBUG - Adding bluetooth signal: ['7001', 'sig', 'Canvas', 'Up']
2018-01-08 17:32:43,058 - FileHandler - DEBUG - Attempting to read: ./SignalFiles/IRSignals
2018-01-08 17:32:43,058 - FileHandler - DEBUG - File ./SignalFiles/IRSignals read
2018-01-08 17:32:43,061 - FileHandler - DEBUG - Performing backup of ./SignalFiles/IRSignals
2018-01-08 17:32:43,063 - FileHandler - DEBUG - Attempting to save JSON to: ./SignalFiles/IRSignals
2018-01-08 17:32:43,086 - FileHandler - DEBUG - Saved JSON to: ./SignalFiles/IRSignals
2018-01-08 17:32:44,967 - FileHandler - DEBUG - Attempting to read: ./SignalFiles/IRSignals
2018-01-08 17:32:44,968 - FileHandler - DEBUG - File ./SignalFiles/IRSignals read
2018-01-08 17:32:44,975 - FileHandler - DEBUG - Attempting to read sequence file: ./SignalFiles/Sequences
2018-01-08 17:32:44,975 - FileHandler - DEBUG - Succsesfully read sequence file: ./SignalFiles/Sequences
2018-01-08 17:32:44,976 - FileHandler - DEBUG - Succsesfully parsed sequences from file: ./SignalFiles/Sequences into dictionary
2018-01-08 17:32:44,977 - FileHandler - DEBUG - Attempting to read Bluetooth signals file: ./SignalFiles/BluetoothSignals
2018-01-08 17:32:44,978 - FileHandler - DEBUG - Succsesfully read Bluetooth signals file: ./SignalFiles/BluetoothSignals
2018-01-08 17:32:44,980 - FileHandler - DEBUG - Starting to add bluetooth signals
2018-01-08 17:32:44,981 - FileHandler - DEBUG - Adding bluetooth signal: ['2100', 'sig', 'Reciever', 'On']
2018-01-08 17:32:44,983 - FileHandler - DEBUG - Adding bluetooth signal: ['2101', 'sig', 'Reciever', 'Off']
2018-01-08 17:32:44,984 - FileHandler - DEBUG - Adding bluetooth signal: ['2201', 'sig', 'Reciever', 'Up']
2018-01-08 17:32:44,985 - FileHandler - DEBUG - Adding bluetooth signal: ['2202', 'sig', 'Reciever', 'Down']
2018-01-08 17:32:44,986 - FileHandler - DEBUG - Adding bluetooth signal: ['2203', 'sig', 'Reciever', 'Left']
2018-01-08 17:32:44,987 - FileHandler - DEBUG - Adding bluetooth signal: ['2204', 'sig', 'Reciever', 'Right']
2018-01-08 17:32:44,988 - FileHandler - DEBUG - Adding bluetooth signal: ['2205', 'sig', 'Reciever', 'VolUp']
2018-01-08 17:32:44,989 - FileHandler - DEBUG - Adding bluetooth signal: ['2206', 'sig', 'Reciever', 'VolDown']
2018-01-08 17:32:44,989 - FileHandler - DEBUG - Adding bluetooth signal: ['2209', 'sig', 'Reciever', 'Enter']
2018-01-08 17:32:44,992 - FileHandler - DEBUG - Adding bluetooth signal: ['2210', 'sig', 'Reciever', 'Menu']
2018-01-08 17:32:44,993 - FileHandler - DEBUG - Adding bluetooth signal: ['4100', 'sig', 'AppleTV', 'Home']
2018-01-08 17:32:44,994 - FileHandler - DEBUG - Adding bluetooth signal: ['4201', 'sig', 'AppleTV', 'Up']
2018-01-08 17:32:44,995 - FileHandler - DEBUG - Adding bluetooth signal: ['4202', 'sig', 'AppleTV', 'Down']
2018-01-08 17:32:44,996 - FileHandler - DEBUG - Adding bluetooth signal: ['4203', 'sig', 'AppleTV', 'Left']
2018-01-08 17:32:44,997 - FileHandler - DEBUG - Adding bluetooth signal: ['4204', 'sig', 'AppleTV', 'Right']
2018-01-08 17:32:44,998 - FileHandler - DEBUG - Adding bluetooth signal: ['4209', 'sig', 'AppleTV', 'Enter']
2018-01-08 17:32:44,999 - FileHandler - DEBUG - Adding bluetooth signal: ['4210', 'sig', 'AppleTV', 'Menu']
2018-01-08 17:32:45,001 - FileHandler - DEBUG - Adding bluetooth signal: ['5100', 'sig', 'Projector', 'On']
2018-01-08 17:32:45,004 - FileHandler - DEBUG - Adding bluetooth signal: ['5101', 'sig', 'Projector', 'Off']
2018-01-08 17:32:45,006 - FileHandler - DEBUG - Adding bluetooth signal: ['5201', 'sig', 'Projector', 'Up']
2018-01-08 17:32:45,007 - FileHandler - DEBUG - Adding bluetooth signal: ['5202', 'sig', 'Projector', 'Down']
2018-01-08 17:32:45,009 - FileHandler - DEBUG - Adding bluetooth signal: ['5203', 'sig', 'Projector', 'Left']
2018-01-08 17:32:45,010 - FileHandler - DEBUG - Adding bluetooth signal: ['5204', 'sig', 'Projector', 'Right']
2018-01-08 17:32:45,011 - FileHandler - DEBUG - Adding bluetooth signal: ['5210', 'sig', 'Projector', 'Menu']
2018-01-08 17:32:45,012 - FileHandler - DEBUG - Adding bluetooth signal: ['7000', 'sig', 'Canvas', 'Down']
2018-01-08 17:32:45,014 - FileHandler - DEBUG - Adding bluetooth signal: ['7001', 'sig', 'Canvas', 'Up']
2018-01-08 17:32:59,560 - FileHandler - DEBUG - Attempting to read: ./SignalFiles/IRSignals
2018-01-08 17:32:59,561 - FileHandler - DEBUG - File ./SignalFiles/IRSignals read
2018-01-08 17:32:59,564 - FileHandler - DEBUG - Performing backup of ./SignalFiles/IRSignals
2018-01-08 17:32:59,566 - FileHandler - DEBUG - Attempting to save JSON to: ./SignalFiles/IRSignals
2018-01-08 17:32:59,594 - FileHandler - DEBUG - Saved JSON to: ./SignalFiles/IRSignals
2018-01-08 17:33:01,375 - FileHandler - DEBUG - Attempting to read: ./SignalFiles/IRSignals
2018-01-08 17:33:01,376 - FileHandler - DEBUG - File ./SignalFiles/IRSignals read
2018-01-08 17:33:01,382 - FileHandler - DEBUG - Attempting to read sequence file: ./SignalFiles/Sequences
2018-01-08 17:33:01,383 - FileHandler - DEBUG - Succsesfully read sequence file: ./SignalFiles/Sequences
2018-01-08 17:33:01,384 - FileHandler - DEBUG - Succsesfully parsed sequences from file: ./SignalFiles/Sequences into dictionary
2018-01-08 17:33:01,385 - FileHandler - DEBUG - Attempting to read Bluetooth signals file: ./SignalFiles/BluetoothSignals
2018-01-08 17:33:01,386 - FileHandler - DEBUG - Succsesfully read Bluetooth signals file: ./SignalFiles/BluetoothSignals
2018-01-08 17:33:01,388 - FileHandler - DEBUG - Starting to add bluetooth signals
2018-01-08 17:33:01,389 - FileHandler - DEBUG - Adding bluetooth signal: ['2100', 'sig', 'Reciever', 'On']
2018-01-08 17:33:01,390 - FileHandler - DEBUG - Adding bluetooth signal: ['2101', 'sig', 'Reciever', 'Off']
2018-01-08 17:33:01,391 - FileHandler - DEBUG - Adding bluetooth signal: ['2201', 'sig', 'Reciever', 'Up']
2018-01-08 17:33:01,392 - FileHandler - DEBUG - Adding bluetooth signal: ['2202', 'sig', 'Reciever', 'Down']
2018-01-08 17:33:01,393 - FileHandler - DEBUG - Adding bluetooth signal: ['2203', 'sig', 'Reciever', 'Left']
2018-01-08 17:33:01,394 - FileHandler - DEBUG - Adding bluetooth signal: ['2204', 'sig', 'Reciever', 'Right']
2018-01-08 17:33:01,395 - FileHandler - DEBUG - Adding bluetooth signal: ['2205', 'sig', 'Reciever', 'VolUp']
2018-01-08 17:33:01,396 - FileHandler - DEBUG - Adding bluetooth signal: ['2206', 'sig', 'Reciever', 'VolDown']
2018-01-08 17:33:01,396 - FileHandler - DEBUG - Adding bluetooth signal: ['2209', 'sig', 'Reciever', 'Enter']
2018-01-08 17:33:01,399 - FileHandler - DEBUG - Adding bluetooth signal: ['2210', 'sig', 'Reciever', 'Menu']
2018-01-08 17:33:01,400 - FileHandler - DEBUG - Adding bluetooth signal: ['4100', 'sig', 'AppleTV', 'Home']
2018-01-08 17:33:01,401 - FileHandler - DEBUG - Adding bluetooth signal: ['4201', 'sig', 'AppleTV', 'Up']
2018-01-08 17:33:01,402 - FileHandler - DEBUG - Adding bluetooth signal: ['4202', 'sig', 'AppleTV', 'Down']
2018-01-08 17:33:01,403 - FileHandler - DEBUG - Adding bluetooth signal: ['4203', 'sig', 'AppleTV', 'Left']
2018-01-08 17:33:01,403 - FileHandler - DEBUG - Adding bluetooth signal: ['4204', 'sig', 'AppleTV', 'Right']
2018-01-08 17:33:01,404 - FileHandler - DEBUG - Adding bluetooth signal: ['4209', 'sig', 'AppleTV', 'Enter']
2018-01-08 17:33:01,405 - FileHandler - DEBUG - Adding bluetooth signal: ['4210', 'sig', 'AppleTV', 'Menu']
2018-01-08 17:33:01,407 - FileHandler - DEBUG - Adding bluetooth signal: ['5100', 'sig', 'Projector', 'On']
2018-01-08 17:33:01,408 - FileHandler - DEBUG - Adding bluetooth signal: ['5101', 'sig', 'Projector', 'Off']
2018-01-08 17:33:01,410 - FileHandler - DEBUG - Adding bluetooth signal: ['5201', 'sig', 'Projector', 'Up']
2018-01-08 17:33:01,413 - FileHandler - DEBUG - Adding bluetooth signal: ['5202', 'sig', 'Projector', 'Down']
2018-01-08 17:33:01,414 - FileHandler - DEBUG - Adding bluetooth signal: ['5203', 'sig', 'Projector', 'Left']
2018-01-08 17:33:01,416 - FileHandler - DEBUG - Adding bluetooth signal: ['5204', 'sig', 'Projector', 'Right']
2018-01-08 17:33:01,417 - FileHandler - DEBUG - Adding bluetooth signal: ['5210', 'sig', 'Projector', 'Menu']
2018-01-08 17:33:01,418 - FileHandler - DEBUG - Adding bluetooth signal: ['7000', 'sig', 'Canvas', 'Down']
2018-01-08 17:33:01,419 - FileHandler - DEBUG - Adding bluetooth signal: ['7001', 'sig', 'Canvas', 'Up']
2018-01-08 17:33:49,563 - FileHandler - DEBUG - Attempting to read: ./SignalFiles/IRSignals
2018-01-08 17:33:49,563 - FileHandler - DEBUG - File ./SignalFiles/IRSignals read
2018-01-08 17:33:49,566 - FileHandler - DEBUG - Performing backup of ./SignalFiles/IRSignals
2018-01-08 17:33:49,569 - FileHandler - DEBUG - Attempting to save JSON to: ./SignalFiles/IRSignals
2018-01-08 17:33:49,592 - FileHandler - DEBUG - Saved JSON to: ./SignalFiles/IRSignals
2018-01-08 17:33:51,671 - FileHandler - DEBUG - Attempting to read: ./SignalFiles/IRSignals
2018-01-08 17:33:51,672 - FileHandler - DEBUG - File ./SignalFiles/IRSignals read
2018-01-08 17:33:51,678 - FileHandler - DEBUG - Attempting to read sequence file: ./SignalFiles/Sequences
2018-01-08 17:33:51,679 - FileHandler - DEBUG - Succsesfully read sequence file: ./SignalFiles/Sequences
2018-01-08 17:33:51,680 - FileHandler - DEBUG - Succsesfully parsed sequences from file: ./SignalFiles/Sequences into dictionary
2018-01-08 17:33:51,681 - FileHandler - DEBUG - Attempting to read Bluetooth signals file: ./SignalFiles/BluetoothSignals
2018-01-08 17:33:51,682 - FileHandler - DEBUG - Succsesfully read Bluetooth signals file: ./SignalFiles/BluetoothSignals
2018-01-08 17:33:51,683 - FileHandler - DEBUG - Starting to add bluetooth signals
2018-01-08 17:33:51,685 - FileHandler - DEBUG - Adding bluetooth signal: ['2100', 'sig', 'Reciever', 'On']
2018-01-08 17:33:51,686 - FileHandler - DEBUG - Adding bluetooth signal: ['2101', 'sig', 'Reciever', 'Off']
2018-01-08 17:33:51,687 - FileHandler - DEBUG - Adding bluetooth signal: ['2201', 'sig', 'Reciever', 'Up']
2018-01-08 17:33:51,688 - FileHandler - DEBUG - Adding bluetooth signal: ['2202', 'sig', 'Reciever', 'Down']
2018-01-08 17:33:51,689 - FileHandler - DEBUG - Adding bluetooth signal: ['2203', 'sig', 'Reciever', 'Left']
2018-01-08 17:33:51,690 - FileHandler - DEBUG - Adding bluetooth signal: ['2204', 'sig', 'Reciever', 'Right']
2018-01-08 17:33:51,691 - FileHandler - DEBUG - Adding bluetooth signal: ['2205', 'sig', 'Reciever', 'VolUp']
2018-01-08 17:33:51,692 - FileHandler - DEBUG - Adding bluetooth signal: ['2206', 'sig', 'Reciever', 'VolDown']
2018-01-08 17:33:51,692 - FileHandler - DEBUG - Adding bluetooth signal: ['2209', 'sig', 'Reciever', 'Enter']
2018-01-08 17:33:51,695 - FileHandler - DEBUG - Adding bluetooth signal: ['2210', 'sig', 'Reciever', 'Menu']
2018-01-08 17:33:51,696 - FileHandler - DEBUG - Adding bluetooth signal: ['4100', 'sig', 'AppleTV', 'Home']
2018-01-08 17:33:51,697 - FileHandler - DEBUG - Adding bluetooth signal: ['4201', 'sig', 'AppleTV', 'Up']
2018-01-08 17:33:51,698 - FileHandler - DEBUG - Adding bluetooth signal: ['4202', 'sig', 'AppleTV', 'Down']
2018-01-08 17:33:51,699 - FileHandler - DEBUG - Adding bluetooth signal: ['4203', 'sig', 'AppleTV', 'Left']
2018-01-08 17:33:51,700 - FileHandler - DEBUG - Adding bluetooth signal: ['4204', 'sig', 'AppleTV', 'Right']
2018-01-08 17:33:51,700 - FileHandler - DEBUG - Adding bluetooth signal: ['4209', 'sig', 'AppleTV', 'Enter']
2018-01-08 17:33:51,701 - FileHandler - DEBUG - Adding bluetooth signal: ['4210', 'sig', 'AppleTV', 'Menu']
2018-01-08 17:33:51,702 - FileHandler - DEBUG - Adding bluetooth signal: ['5100', 'sig', 'Projector', 'On']
2018-01-08 17:33:51,704 - FileHandler - DEBUG - Adding bluetooth signal: ['5101', 'sig', 'Projector', 'Off']
2018-01-08 17:33:51,706 - FileHandler - DEBUG - Adding bluetooth signal: ['5201', 'sig', 'Projector', 'Up']
2018-01-08 17:33:51,709 - FileHandler - DEBUG - Adding bluetooth signal: ['5202', 'sig', 'Projector', 'Down']
2018-01-08 17:33:51,710 - FileHandler - DEBUG - Adding bluetooth signal: ['5203', 'sig', 'Projector', 'Left']
2018-01-08 17:33:51,711 - FileHandler - DEBUG - Adding bluetooth signal: ['5204', 'sig', 'Projector', 'Right']
2018-01-08 17:33:51,713 - FileHandler - DEBUG - Adding bluetooth signal: ['5210', 'sig', 'Projector', 'Menu']
2018-01-08 17:33:51,714 - FileHandler - DEBUG - Adding bluetooth signal: ['7000', 'sig', 'Canvas', 'Down']
2018-01-08 17:33:51,715 - FileHandler - DEBUG - Adding bluetooth signal: ['7001', 'sig', 'Canvas', 'Up']
2018-01-08 17:34:18,709 - FileHandler - DEBUG - Attempting to read: ./SignalFiles/IRSignals
2018-01-08 17:34:18,710 - FileHandler - DEBUG - File ./SignalFiles/IRSignals read
2018-01-08 17:34:18,713 - FileHandler - DEBUG - Performing backup of ./SignalFiles/IRSignals
2018-01-08 17:34:18,716 - FileHandler - DEBUG - Attempting to save JSON to: ./SignalFiles/IRSignals
2018-01-08 17:34:18,739 - FileHandler - DEBUG - Saved JSON to: ./SignalFiles/IRSignals
2018-01-08 17:34:20,783 - FileHandler - DEBUG - Attempting to read: ./SignalFiles/IRSignals
2018-01-08 17:34:20,784 - FileHandler - DEBUG - File ./SignalFiles/IRSignals read
2018-01-08 17:34:20,791 - FileHandler - DEBUG - Attempting to read sequence file: ./SignalFiles/Sequences
2018-01-08 17:34:20,792 - FileHandler - DEBUG - Succsesfully read sequence file: ./SignalFiles/Sequences
2018-01-08 17:34:20,793 - FileHandler - DEBUG - Succsesfully parsed sequences from file: ./SignalFiles/Sequences into dictionary
2018-01-08 17:34:20,794 - FileHandler - DEBUG - Attempting to read Bluetooth signals file: ./SignalFiles/BluetoothSignals
2018-01-08 17:34:20,795 - FileHandler - DEBUG - Succsesfully read Bluetooth signals file: ./SignalFiles/BluetoothSignals
2018-01-08 17:34:20,796 - FileHandler - DEBUG - Starting to add bluetooth signals
2018-01-08 17:34:20,798 - FileHandler - DEBUG - Adding bluetooth signal: ['2100', 'sig', 'Reciever', 'On']
2018-01-08 17:34:20,799 - FileHandler - DEBUG - Adding bluetooth signal: ['2101', 'sig', 'Reciever', 'Off']
2018-01-08 17:34:20,800 - FileHandler - DEBUG - Adding bluetooth signal: ['2201', 'sig', 'Reciever', 'Up']
2018-01-08 17:34:20,801 - FileHandler - DEBUG - Adding bluetooth signal: ['2202', 'sig', 'Reciever', 'Down']
2018-01-08 17:34:20,802 - FileHandler - DEBUG - Adding bluetooth signal: ['2203', 'sig', 'Reciever', 'Left']
2018-01-08 17:34:20,803 - FileHandler - DEBUG - Adding bluetooth signal: ['2204', 'sig', 'Reciever', 'Right']
2018-01-08 17:34:20,804 - FileHandler - DEBUG - Adding bluetooth signal: ['2205', 'sig', 'Reciever', 'VolUp']
2018-01-08 17:34:20,805 - FileHandler - DEBUG - Adding bluetooth signal: ['2206', 'sig', 'Reciever', 'VolDown']
2018-01-08 17:34:20,806 - FileHandler - DEBUG - Adding bluetooth signal: ['2209', 'sig', 'Reciever', 'Enter']
2018-01-08 17:34:20,808 - FileHandler - DEBUG - Adding bluetooth signal: ['2210', 'sig', 'Reciever', 'Menu']
2018-01-08 17:34:20,810 - FileHandler - DEBUG - Adding bluetooth signal: ['4100', 'sig', 'AppleTV', 'Home']
2018-01-08 17:34:20,811 - FileHandler - DEBUG - Adding bluetooth signal: ['4201', 'sig', 'AppleTV', 'Up']
2018-01-08 17:34:20,812 - FileHandler - DEBUG - Adding bluetooth signal: ['4202', 'sig', 'AppleTV', 'Down']
2018-01-08 17:34:20,813 - FileHandler - DEBUG - Adding bluetooth signal: ['4203', 'sig', 'AppleTV', 'Left']
2018-01-08 17:34:20,814 - FileHandler - DEBUG - Adding bluetooth signal: ['4204', 'sig', 'AppleTV', 'Right']
2018-01-08 17:34:20,815 - FileHandler - DEBUG - Adding bluetooth signal: ['4209', 'sig', 'AppleTV', 'Enter']
2018-01-08 17:34:20,818 - FileHandler - DEBUG - Adding bluetooth signal: ['4210', 'sig', 'AppleTV', 'Menu']
2018-01-08 17:34:20,820 - FileHandler - DEBUG - Adding bluetooth signal: ['5100', 'sig', 'Projector', 'On']
2018-01-08 17:34:20,822 - FileHandler - DEBUG - Adding bluetooth signal: ['5101', 'sig', 'Projector', 'Off']
2018-01-08 17:34:20,823 - FileHandler - DEBUG - Adding bluetooth signal: ['5201', 'sig', 'Projector', 'Up']
2018-01-08 17:34:20,825 - FileHandler - DEBUG - Adding bluetooth signal: ['5202', 'sig', 'Projector', 'Down']
2018-01-08 17:34:20,826 - FileHandler - DEBUG - Adding bluetooth signal: ['5203', 'sig', 'Projector', 'Left']
2018-01-08 17:34:20,828 - FileHandler - DEBUG - Adding bluetooth signal: ['5204', 'sig', 'Projector', 'Right']
2018-01-08 17:34:20,829 - FileHandler - DEBUG - Adding bluetooth signal: ['5210', 'sig', 'Projector', 'Menu']
2018-01-08 17:34:20,831 - FileHandler - DEBUG - Adding bluetooth signal: ['7000', 'sig', 'Canvas', 'Down']
2018-01-08 17:34:20,832 - FileHandler - DEBUG - Adding bluetooth signal: ['7001', 'sig', 'Canvas', 'Up']
2018-01-08 17:34:37,827 - FileHandler - DEBUG - Attempting to read: ./SignalFiles/IRSignals
2018-01-08 17:34:37,828 - FileHandler - DEBUG - File ./SignalFiles/IRSignals read
2018-01-08 17:34:37,831 - FileHandler - DEBUG - Performing backup of ./SignalFiles/IRSignals
2018-01-08 17:34:37,833 - FileHandler - DEBUG - Attempting to save JSON to: ./SignalFiles/IRSignals
2018-01-08 17:34:37,856 - FileHandler - DEBUG - Saved JSON to: ./SignalFiles/IRSignals
2018-01-08 17:34:44,351 - FileHandler - DEBUG - Attempting to read: ./SignalFiles/IRSignals
2018-01-08 17:34:44,352 - FileHandler - DEBUG - File ./SignalFiles/IRSignals read
2018-01-08 17:34:44,366 - FileHandler - DEBUG - Attempting to read sequence file: ./SignalFiles/Sequences
2018-01-08 17:34:44,368 - FileHandler - DEBUG - Succsesfully read sequence file: ./SignalFiles/Sequences
2018-01-08 17:34:44,369 - FileHandler - DEBUG - Succsesfully parsed sequences from file: ./SignalFiles/Sequences into dictionary
2018-01-08 17:34:44,370 - FileHandler - DEBUG - Attempting to read Bluetooth signals file: ./SignalFiles/BluetoothSignals
2018-01-08 17:34:44,370 - FileHandler - DEBUG - Succsesfully read Bluetooth signals file: ./SignalFiles/BluetoothSignals
2018-01-08 17:34:44,371 - FileHandler - DEBUG - Starting to add bluetooth signals
2018-01-08 17:34:44,372 - FileHandler - DEBUG - Adding bluetooth signal: ['2100', 'sig', 'Reciever', 'On']
2018-01-08 17:34:44,373 - FileHandler - DEBUG - Adding bluetooth signal: ['2101', 'sig', 'Reciever', 'Off']
2018-01-08 17:34:44,374 - FileHandler - DEBUG - Adding bluetooth signal: ['2201', 'sig', 'Reciever', 'Up']
2018-01-08 17:34:44,375 - FileHandler - DEBUG - Adding bluetooth signal: ['2202', 'sig', 'Reciever', 'Down']
2018-01-08 17:34:44,376 - FileHandler - DEBUG - Adding bluetooth signal: ['2203', 'sig', 'Reciever', 'Left']
2018-01-08 17:34:44,377 - FileHandler - DEBUG - Adding bluetooth signal: ['2204', 'sig', 'Reciever', 'Right']
2018-01-08 17:34:44,378 - FileHandler - DEBUG - Adding bluetooth signal: ['2205', 'sig', 'Reciever', 'VolUp']
2018-01-08 17:34:44,378 - FileHandler - DEBUG - Adding bluetooth signal: ['2206', 'sig', 'Reciever', 'VolDown']
2018-01-08 17:34:44,379 - FileHandler - DEBUG - Adding bluetooth signal: ['2209', 'sig', 'Reciever', 'Enter']
2018-01-08 17:34:44,383 - FileHandler - DEBUG - Adding bluetooth signal: ['2210', 'sig', 'Reciever', 'Menu']
2018-01-08 17:34:44,385 - FileHandler - DEBUG - Adding bluetooth signal: ['4100', 'sig', 'AppleTV', 'Home']
2018-01-08 17:34:44,387 - FileHandler - DEBUG - Adding bluetooth signal: ['4201', 'sig', 'AppleTV', 'Up']
2018-01-08 17:34:44,389 - FileHandler - DEBUG - Adding bluetooth signal: ['4202', 'sig', 'AppleTV', 'Down']
2018-01-08 17:34:44,390 - FileHandler - DEBUG - Adding bluetooth signal: ['4203', 'sig', 'AppleTV', 'Left']
2018-01-08 17:34:44,392 - FileHandler - DEBUG - Adding bluetooth signal: ['4204', 'sig', 'AppleTV', 'Right']
2018-01-08 17:34:44,393 - FileHandler - DEBUG - Adding bluetooth signal: ['4209', 'sig', 'AppleTV', 'Enter']
2018-01-08 17:34:44,394 - FileHandler - DEBUG - Adding bluetooth signal: ['4210', 'sig', 'AppleTV', 'Menu']
2018-01-08 17:34:44,396 - FileHandler - DEBUG - Adding bluetooth signal: ['5100', 'sig', 'Projector', 'On']
2018-01-08 17:34:44,397 - FileHandler - DEBUG - Adding bluetooth signal: ['5101', 'sig', 'Projector', 'Off']
2018-01-08 17:34:44,398 - FileHandler - DEBUG - Adding bluetooth signal: ['5201', 'sig', 'Projector', 'Up']
2018-01-08 17:34:44,399 - FileHandler - DEBUG - Adding bluetooth signal: ['5202', 'sig', 'Projector', 'Down']
2018-01-08 17:34:44,400 - FileHandler - DEBUG - Adding bluetooth signal: ['5203', 'sig', 'Projector', 'Left']
2018-01-08 17:34:44,402 - FileHandler - DEBUG - Adding bluetooth signal: ['5204', 'sig', 'Projector', 'Right']
2018-01-08 17:34:44,403 - FileHandler - DEBUG - Adding bluetooth signal: ['5210', 'sig', 'Projector', 'Menu']
2018-01-08 17:34:44,404 - FileHandler - DEBUG - Adding bluetooth signal: ['7000', 'sig', 'Canvas', 'Down']
2018-01-08 17:34:44,405 - FileHandler - DEBUG - Adding bluetooth signal: ['7001', 'sig', 'Canvas', 'Up']
2018-01-08 17:35:11,723 - FileHandler - DEBUG - Attempting to read: ./SignalFiles/IRSignals
2018-01-08 17:35:11,723 - FileHandler - DEBUG - File ./SignalFiles/IRSignals read
2018-01-08 17:35:11,727 - FileHandler - DEBUG - Performing backup of ./SignalFiles/IRSignals
2018-01-08 17:35:11,729 - FileHandler - DEBUG - Attempting to save JSON to: ./SignalFiles/IRSignals
2018-01-08 17:35:11,752 - FileHandler - DEBUG - Saved JSON to: ./SignalFiles/IRSignals
2018-01-08 17:35:13,070 - FileHandler - DEBUG - Attempting to read: ./SignalFiles/IRSignals
2018-01-08 17:35:13,070 - FileHandler - DEBUG - File ./SignalFiles/IRSignals read
2018-01-08 17:35:13,077 - FileHandler - DEBUG - Attempting to read sequence file: ./SignalFiles/Sequences
2018-01-08 17:35:13,078 - FileHandler - DEBUG - Succsesfully read sequence file: ./SignalFiles/Sequences
2018-01-08 17:35:13,079 - FileHandler - DEBUG - Succsesfully parsed sequences from file: ./SignalFiles/Sequences into dictionary
2018-01-08 17:35:13,080 - FileHandler - DEBUG - Attempting to read Bluetooth signals file: ./SignalFiles/BluetoothSignals
2018-01-08 17:35:13,081 - FileHandler - DEBUG - Succsesfully read Bluetooth signals file: ./SignalFiles/BluetoothSignals
2018-01-08 17:35:13,082 - FileHandler - DEBUG - Starting to add bluetooth signals
2018-01-08 17:35:13,083 - FileHandler - DEBUG - Adding bluetooth signal: ['2100', 'sig', 'Reciever', 'On']
2018-01-08 17:35:13,084 - FileHandler - DEBUG - Adding bluetooth signal: ['2101', 'sig', 'Reciever', 'Off']
2018-01-08 17:35:13,085 - FileHandler - DEBUG - Adding bluetooth signal: ['2201', 'sig', 'Reciever', 'Up']
2018-01-08 17:35:13,088 - FileHandler - DEBUG - Adding bluetooth signal: ['2202', 'sig', 'Reciever', 'Down']
2018-01-08 17:35:13,089 - FileHandler - DEBUG - Adding bluetooth signal: ['2203', 'sig', 'Reciever', 'Left']
2018-01-08 17:35:13,090 - FileHandler - DEBUG - Adding bluetooth signal: ['2204', 'sig', 'Reciever', 'Right']
2018-01-08 17:35:13,091 - FileHandler - DEBUG - Adding bluetooth signal: ['2205', 'sig', 'Reciever', 'VolUp']
2018-01-08 17:35:13,092 - FileHandler - DEBUG - Adding bluetooth signal: ['2206', 'sig', 'Reciever', 'VolDown']
2018-01-08 17:35:13,093 - FileHandler - DEBUG - Adding bluetooth signal: ['2209', 'sig', 'Reciever', 'Enter']
2018-01-08 17:35:13,093 - FileHandler - DEBUG - Adding bluetooth signal: ['2210', 'sig', 'Reciever', 'Menu']
2018-01-08 17:35:13,094 - FileHandler - DEBUG - Adding bluetooth signal: ['4100', 'sig', 'AppleTV', 'Home']
2018-01-08 17:35:13,095 - FileHandler - DEBUG - Adding bluetooth signal: ['4201', 'sig', 'AppleTV', 'Up']
2018-01-08 17:35:13,096 - FileHandler - DEBUG - Adding bluetooth signal: ['4202', 'sig', 'AppleTV', 'Down']
2018-01-08 17:35:13,097 - FileHandler - DEBUG - Adding bluetooth signal: ['4203', 'sig', 'AppleTV', 'Left']
2018-01-08 17:35:13,098 - FileHandler - DEBUG - Adding bluetooth signal: ['4204', 'sig', 'AppleTV', 'Right']
2018-01-08 17:35:13,098 - FileHandler - DEBUG - Adding bluetooth signal: ['4209', 'sig', 'AppleTV', 'Enter']
2018-01-08 17:35:13,099 - FileHandler - DEBUG - Adding bluetooth signal: ['4210', 'sig', 'AppleTV', 'Menu']
2018-01-08 17:35:13,101 - FileHandler - DEBUG - Adding bluetooth signal: ['5100', 'sig', 'Projector', 'On']
2018-01-08 17:35:13,102 - FileHandler - DEBUG - Adding bluetooth signal: ['5101', 'sig', 'Projector', 'Off']
2018-01-08 17:35:13,104 - FileHandler - DEBUG - Adding bluetooth signal: ['5201', 'sig', 'Projector', 'Up']
2018-01-08 17:35:13,107 - FileHandler - DEBUG - Adding bluetooth signal: ['5202', 'sig', 'Projector', 'Down']
2018-01-08 17:35:13,108 - FileHandler - DEBUG - Adding bluetooth signal: ['5203', 'sig', 'Projector', 'Left']
2018-01-08 17:35:13,110 - FileHandler - DEBUG - Adding bluetooth signal: ['5204', 'sig', 'Projector', 'Right']
2018-01-08 17:35:13,111 - FileHandler - DEBUG - Adding bluetooth signal: ['5210', 'sig', 'Projector', 'Menu']
2018-01-08 17:35:13,112 - FileHandler - DEBUG - Adding bluetooth signal: ['7000', 'sig', 'Canvas', 'Down']
2018-01-08 17:35:13,113 - FileHandler - DEBUG - Adding bluetooth signal: ['7001', 'sig', 'Canvas', 'Up']
2018-01-08 17:35:40,176 - FileHandler - DEBUG - Attempting to read: ./SignalFiles/IRSignals
2018-01-08 17:35:40,177 - FileHandler - DEBUG - File ./SignalFiles/IRSignals read
2018-01-08 17:35:40,180 - FileHandler - DEBUG - Performing backup of ./SignalFiles/IRSignals
2018-01-08 17:35:40,183 - FileHandler - DEBUG - Attempting to save JSON to: ./SignalFiles/IRSignals
2018-01-08 17:35:40,206 - FileHandler - DEBUG - Saved JSON to: ./SignalFiles/IRSignals
2018-01-08 17:35:41,613 - FileHandler - DEBUG - Attempting to read: ./SignalFiles/IRSignals
2018-01-08 17:35:41,615 - FileHandler - DEBUG - File ./SignalFiles/IRSignals read
2018-01-08 17:35:41,623 - FileHandler - DEBUG - Attempting to read sequence file: ./SignalFiles/Sequences
2018-01-08 17:35:41,624 - FileHandler - DEBUG - Succsesfully read sequence file: ./SignalFiles/Sequences
2018-01-08 17:35:41,625 - FileHandler - DEBUG - Succsesfully parsed sequences from file: ./SignalFiles/Sequences into dictionary
2018-01-08 17:35:41,626 - FileHandler - DEBUG - Attempting to read Bluetooth signals file: ./SignalFiles/BluetoothSignals
2018-01-08 17:35:41,627 - FileHandler - DEBUG - Succsesfully read Bluetooth signals file: ./SignalFiles/BluetoothSignals
2018-01-08 17:35:41,628 - FileHandler - DEBUG - Starting to add bluetooth signals
2018-01-08 17:35:41,629 - FileHandler - DEBUG - Adding bluetooth signal: ['2100', 'sig', 'Reciever', 'On']
2018-01-08 17:35:41,630 - FileHandler - DEBUG - Adding bluetooth signal: ['2101', 'sig', 'Reciever', 'Off']
2018-01-08 17:35:41,631 - FileHandler - DEBUG - Adding bluetooth signal: ['2201', 'sig', 'Reciever', 'Up']
2018-01-08 17:35:41,632 - FileHandler - DEBUG - Adding bluetooth signal: ['2202', 'sig', 'Reciever', 'Down']
2018-01-08 17:35:41,634 - FileHandler - DEBUG - Adding bluetooth signal: ['2203', 'sig', 'Reciever', 'Left']
2018-01-08 17:35:41,635 - FileHandler - DEBUG - Adding bluetooth signal: ['2204', 'sig', 'Reciever', 'Right']
2018-01-08 17:35:41,638 - FileHandler - DEBUG - Adding bluetooth signal: ['2205', 'sig', 'Reciever', 'VolUp']
2018-01-08 17:35:41,641 - FileHandler - DEBUG - Adding bluetooth signal: ['2206', 'sig', 'Reciever', 'VolDown']
2018-01-08 17:35:41,643 - FileHandler - DEBUG - Adding bluetooth signal: ['2209', 'sig', 'Reciever', 'Enter']
2018-01-08 17:35:41,648 - FileHandler - DEBUG - Adding bluetooth signal: ['2210', 'sig', 'Reciever', 'Menu']
2018-01-08 17:35:41,649 - FileHandler - DEBUG - Adding bluetooth signal: ['4100', 'sig', 'AppleTV', 'Home']
2018-01-08 17:35:41,651 - FileHandler - DEBUG - Adding bluetooth signal: ['4201', 'sig', 'AppleTV', 'Up']
2018-01-08 17:35:41,653 - FileHandler - DEBUG - Adding bluetooth signal: ['4202', 'sig', 'AppleTV', 'Down']
2018-01-08 17:35:41,654 - FileHandler - DEBUG - Adding bluetooth signal: ['4203', 'sig', 'AppleTV', 'Left']
2018-01-08 17:35:41,655 - FileHandler - DEBUG - Adding bluetooth signal: ['4204', 'sig', 'AppleTV', 'Right']
2018-01-08 17:35:41,656 - FileHandler - DEBUG - Adding bluetooth signal: ['4209', 'sig', 'AppleTV', 'Enter']
2018-01-08 17:35:41,657 - FileHandler - DEBUG - Adding bluetooth signal: ['4210', 'sig', 'AppleTV', 'Menu']
2018-01-08 17:35:41,658 - FileHandler - DEBUG - Adding bluetooth signal: ['5100', 'sig', 'Projector', 'On']
2018-01-08 17:35:41,659 - FileHandler - DEBUG - Adding bluetooth signal: ['5101', 'sig', 'Projector', 'Off']
2018-01-08 17:35:41,660 - FileHandler - DEBUG - Adding bluetooth signal: ['5201', 'sig', 'Projector', 'Up']
2018-01-08 17:35:41,660 - FileHandler - DEBUG - Adding bluetooth signal: ['5202', 'sig', 'Projector', 'Down']
2018-01-08 17:35:41,661 - FileHandler - DEBUG - Adding bluetooth signal: ['5203', 'sig', 'Projector', 'Left']
2018-01-08 17:35:41,662 - FileHandler - DEBUG - Adding bluetooth signal: ['5204', 'sig', 'Projector', 'Right']
2018-01-08 17:35:41,663 - FileHandler - DEBUG - Adding bluetooth signal: ['5210', 'sig', 'Projector', 'Menu']
2018-01-08 17:35:41,664 - FileHandler - DEBUG - Adding bluetooth signal: ['7000', 'sig', 'Canvas', 'Down']
2018-01-08 17:35:41,665 - FileHandler - DEBUG - Adding bluetooth signal: ['7001', 'sig', 'Canvas', 'Up']
2018-01-08 17:36:45,463 - FileHandler - DEBUG - Attempting to read: ./SignalFiles/IRSignals
2018-01-08 17:36:45,464 - FileHandler - DEBUG - File ./SignalFiles/IRSignals read
2018-01-08 17:36:45,467 - FileHandler - DEBUG - Performing backup of ./SignalFiles/IRSignals
2018-01-08 17:36:45,469 - FileHandler - DEBUG - Attempting to save JSON to: ./SignalFiles/IRSignals
2018-01-08 17:36:45,493 - FileHandler - DEBUG - Saved JSON to: ./SignalFiles/IRSignals
2018-01-08 17:36:46,541 - FileHandler - DEBUG - Attempting to read: ./SignalFiles/IRSignals
2018-01-08 17:36:46,542 - FileHandler - DEBUG - File ./SignalFiles/IRSignals read
2018-01-08 17:36:46,549 - FileHandler - DEBUG - Attempting to read sequence file: ./SignalFiles/Sequences
2018-01-08 17:36:46,550 - FileHandler - DEBUG - Succsesfully read sequence file: ./SignalFiles/Sequences
2018-01-08 17:36:46,551 - FileHandler - DEBUG - Succsesfully parsed sequences from file: ./SignalFiles/Sequences into dictionary
2018-01-08 17:36:46,552 - FileHandler - DEBUG - Attempting to read Bluetooth signals file: ./SignalFiles/BluetoothSignals
2018-01-08 17:36:46,553 - FileHandler - DEBUG - Succsesfully read Bluetooth signals file: ./SignalFiles/BluetoothSignals
2018-01-08 17:36:46,554 - FileHandler - DEBUG - Starting to add bluetooth signals
2018-01-08 17:36:46,555 - FileHandler - DEBUG - Adding bluetooth signal: ['2100', 'sig', 'Reciever', 'On']
2018-01-08 17:36:46,556 - FileHandler - DEBUG - Adding bluetooth signal: ['2101', 'sig', 'Reciever', 'Off']
2018-01-08 17:36:46,557 - FileHandler - DEBUG - Adding bluetooth signal: ['2201', 'sig', 'Reciever', 'Up']
2018-01-08 17:36:46,559 - FileHandler - DEBUG - Adding bluetooth signal: ['2202', 'sig', 'Reciever', 'Down']
2018-01-08 17:36:46,559 - FileHandler - DEBUG - Adding bluetooth signal: ['2203', 'sig', 'Reciever', 'Left']
2018-01-08 17:36:46,560 - FileHandler - DEBUG - Adding bluetooth signal: ['2204', 'sig', 'Reciever', 'Right']
2018-01-08 17:36:46,561 - FileHandler - DEBUG - Adding bluetooth signal: ['2205', 'sig', 'Reciever', 'VolUp']
2018-01-08 17:36:46,562 - FileHandler - DEBUG - Adding bluetooth signal: ['2206', 'sig', 'Reciever', 'VolDown']
2018-01-08 17:36:46,563 - FileHandler - DEBUG - Adding bluetooth signal: ['2209', 'sig', 'Reciever', 'Enter']
2018-01-08 17:36:46,566 - FileHandler - DEBUG - Adding bluetooth signal: ['2210', 'sig', 'Reciever', 'Menu']
2018-01-08 17:36:46,567 - FileHandler - DEBUG - Adding bluetooth signal: ['4100', 'sig', 'AppleTV', 'Home']
2018-01-08 17:36:46,568 - FileHandler - DEBUG - Adding bluetooth signal: ['4201', 'sig', 'AppleTV', 'Up']
2018-01-08 17:36:46,569 - FileHandler - DEBUG - Adding bluetooth signal: ['4202', 'sig', 'AppleTV', 'Down']
2018-01-08 17:36:46,570 - FileHandler - DEBUG - Adding bluetooth signal: ['4203', 'sig', 'AppleTV', 'Left']
2018-01-08 17:36:46,571 - FileHandler - DEBUG - Adding bluetooth signal: ['4204', 'sig', 'AppleTV', 'Right']
2018-01-08 17:36:46,572 - FileHandler - DEBUG - Adding bluetooth signal: ['4209', 'sig', 'AppleTV', 'Enter']
2018-01-08 17:36:46,574 - FileHandler - DEBUG - Adding bluetooth signal: ['4210', 'sig', 'AppleTV', 'Menu']
2018-01-08 17:36:46,577 - FileHandler - DEBUG - Adding bluetooth signal: ['5100', 'sig', 'Projector', 'On']
2018-01-08 17:36:46,579 - FileHandler - DEBUG - Adding bluetooth signal: ['5101', 'sig', 'Projector', 'Off']
2018-01-08 17:36:46,580 - FileHandler - DEBUG - Adding bluetooth signal: ['5201', 'sig', 'Projector', 'Up']
2018-01-08 17:36:46,582 - FileHandler - DEBUG - Adding bluetooth signal: ['5202', 'sig', 'Projector', 'Down']
2018-01-08 17:36:46,583 - FileHandler - DEBUG - Adding bluetooth signal: ['5203', 'sig', 'Projector', 'Left']
2018-01-08 17:36:46,584 - FileHandler - DEBUG - Adding bluetooth signal: ['5204', 'sig', 'Projector', 'Right']
2018-01-08 17:36:46,586 - FileHandler - DEBUG - Adding bluetooth signal: ['5210', 'sig', 'Projector', 'Menu']
2018-01-08 17:36:46,587 - FileHandler - DEBUG - Adding bluetooth signal: ['7000', 'sig', 'Canvas', 'Down']
2018-01-08 17:36:46,588 - FileHandler - DEBUG - Adding bluetooth signal: ['7001', 'sig', 'Canvas', 'Up']
2018-01-08 17:37:09,797 - FileHandler - DEBUG - Attempting to read: ./SignalFiles/IRSignals
2018-01-08 17:37:09,798 - FileHandler - DEBUG - File ./SignalFiles/IRSignals read
2018-01-08 17:37:09,801 - FileHandler - DEBUG - Performing backup of ./SignalFiles/IRSignals
2018-01-08 17:37:09,803 - FileHandler - DEBUG - Attempting to save JSON to: ./SignalFiles/IRSignals
2018-01-08 17:37:09,827 - FileHandler - DEBUG - Saved JSON to: ./SignalFiles/IRSignals
2018-01-08 17:37:11,405 - FileHandler - DEBUG - Attempting to read: ./SignalFiles/IRSignals
2018-01-08 17:37:11,406 - FileHandler - DEBUG - File ./SignalFiles/IRSignals read
2018-01-08 17:37:11,412 - FileHandler - DEBUG - Attempting to read sequence file: ./SignalFiles/Sequences
2018-01-08 17:37:11,413 - FileHandler - DEBUG - Succsesfully read sequence file: ./SignalFiles/Sequences
2018-01-08 17:37:11,415 - FileHandler - DEBUG - Succsesfully parsed sequences from file: ./SignalFiles/Sequences into dictionary
2018-01-08 17:37:11,417 - FileHandler - DEBUG - Attempting to read Bluetooth signals file: ./SignalFiles/BluetoothSignals
2018-01-08 17:37:11,419 - FileHandler - DEBUG - Succsesfully read Bluetooth signals file: ./SignalFiles/BluetoothSignals
2018-01-08 17:37:11,421 - FileHandler - DEBUG - Starting to add bluetooth signals
2018-01-08 17:37:11,422 - FileHandler - DEBUG - Adding bluetooth signal: ['2100', 'sig', 'Reciever', 'On']
2018-01-08 17:37:11,424 - FileHandler - DEBUG - Adding bluetooth signal: ['2101', 'sig', 'Reciever', 'Off']
2018-01-08 17:37:11,425 - FileHandler - DEBUG - Adding bluetooth signal: ['2201', 'sig', 'Reciever', 'Up']
2018-01-08 17:37:11,427 - FileHandler - DEBUG - Adding bluetooth signal: ['2202', 'sig', 'Reciever', 'Down']
2018-01-08 17:37:11,428 - FileHandler - DEBUG - Adding bluetooth signal: ['2203', 'sig', 'Reciever', 'Left']
2018-01-08 17:37:11,429 - FileHandler - DEBUG - Adding bluetooth signal: ['2204', 'sig', 'Reciever', 'Right']
2018-01-08 17:37:11,430 - FileHandler - DEBUG - Adding bluetooth signal: ['2205', 'sig', 'Reciever', 'VolUp']
2018-01-08 17:37:11,432 - FileHandler - DEBUG - Adding bluetooth signal: ['2206', 'sig', 'Reciever', 'VolDown']
2018-01-08 17:37:11,433 - FileHandler - DEBUG - Adding bluetooth signal: ['2209', 'sig', 'Reciever', 'Enter']
2018-01-08 17:37:11,436 - FileHandler - DEBUG - Adding bluetooth signal: ['2210', 'sig', 'Reciever', 'Menu']
2018-01-08 17:37:11,437 - FileHandler - DEBUG - Adding bluetooth signal: ['4100', 'sig', 'AppleTV', 'Home']
2018-01-08 17:37:11,438 - FileHandler - DEBUG - Adding bluetooth signal: ['4201', 'sig', 'AppleTV', 'Up']
2018-01-08 17:37:11,439 - FileHandler - DEBUG - Adding bluetooth signal: ['4202', 'sig', 'AppleTV', 'Down']
2018-01-08 17:37:11,440 - FileHandler - DEBUG - Adding bluetooth signal: ['4203', 'sig', 'AppleTV', 'Left']
2018-01-08 17:37:11,441 - FileHandler - DEBUG - Adding bluetooth signal: ['4204', 'sig', 'AppleTV', 'Right']
2018-01-08 17:37:11,442 - FileHandler - DEBUG - Adding bluetooth signal: ['4209', 'sig', 'AppleTV', 'Enter']
2018-01-08 17:37:11,443 - FileHandler - DEBUG - Adding bluetooth signal: ['4210', 'sig', 'AppleTV', 'Menu']
2018-01-08 17:37:11,444 - FileHandler - DEBUG - Adding bluetooth signal: ['5100', 'sig', 'Projector', 'On']
2018-01-08 17:37:11,446 - FileHandler - DEBUG - Adding bluetooth signal: ['5101', 'sig', 'Projector', 'Off']
2018-01-08 17:37:11,449 - FileHandler - DEBUG - Adding bluetooth signal: ['5201', 'sig', 'Projector', 'Up']
2018-01-08 17:37:11,451 - FileHandler - DEBUG - Adding bluetooth signal: ['5202', 'sig', 'Projector', 'Down']
2018-01-08 17:37:11,453 - FileHandler - DEBUG - Adding bluetooth signal: ['5203', 'sig', 'Projector', 'Left']
2018-01-08 17:37:11,454 - FileHandler - DEBUG - Adding bluetooth signal: ['5204', 'sig', 'Projector', 'Right']
2018-01-08 17:37:11,456 - FileHandler - DEBUG - Adding bluetooth signal: ['5210', 'sig', 'Projector', 'Menu']
2018-01-08 17:37:11,457 - FileHandler - DEBUG - Adding bluetooth signal: ['7000', 'sig', 'Canvas', 'Down']
2018-01-08 17:37:11,459 - FileHandler - DEBUG - Adding bluetooth signal: ['7001', 'sig', 'Canvas', 'Up']
2018-01-08 17:46:24,794 - FileHandler - DEBUG - Attempting to read: ./SignalFiles/IRSignals
2018-01-08 17:46:24,795 - FileHandler - DEBUG - File ./SignalFiles/IRSignals read
2018-01-08 17:46:24,798 - FileHandler - DEBUG - Performing backup of ./SignalFiles/IRSignals
2018-01-08 17:46:24,800 - FileHandler - DEBUG - Attempting to save JSON to: ./SignalFiles/IRSignals
2018-01-08 17:46:24,825 - FileHandler - DEBUG - Saved JSON to: ./SignalFiles/IRSignals
2018-01-08 17:46:27,087 - FileHandler - DEBUG - Attempting to read: ./SignalFiles/IRSignals
2018-01-08 17:46:27,087 - FileHandler - DEBUG - File ./SignalFiles/IRSignals read
2018-01-08 17:46:27,094 - FileHandler - DEBUG - Attempting to read sequence file: ./SignalFiles/Sequences
2018-01-08 17:46:27,095 - FileHandler - DEBUG - Succsesfully read sequence file: ./SignalFiles/Sequences
2018-01-08 17:46:27,096 - FileHandler - DEBUG - Succsesfully parsed sequences from file: ./SignalFiles/Sequences into dictionary
2018-01-08 17:46:27,097 - FileHandler - DEBUG - Attempting to read Bluetooth signals file: ./SignalFiles/BluetoothSignals
2018-01-08 17:46:27,098 - FileHandler - DEBUG - Succsesfully read Bluetooth signals file: ./SignalFiles/BluetoothSignals
2018-01-08 17:46:27,099 - FileHandler - DEBUG - Starting to add bluetooth signals
2018-01-08 17:46:27,100 - FileHandler - DEBUG - Adding bluetooth signal: ['2100', 'sig', 'Reciever', 'On']
2018-01-08 17:46:27,101 - FileHandler - DEBUG - Adding bluetooth signal: ['2101', 'sig', 'Reciever', 'Off']
2018-01-08 17:46:27,102 - FileHandler - DEBUG - Adding bluetooth signal: ['2201', 'sig', 'Reciever', 'Up']
2018-01-08 17:46:27,106 - FileHandler - DEBUG - Adding bluetooth signal: ['2202', 'sig', 'Reciever', 'Down']
2018-01-08 17:46:27,107 - FileHandler - DEBUG - Adding bluetooth signal: ['2203', 'sig', 'Reciever', 'Left']
2018-01-08 17:46:27,108 - FileHandler - DEBUG - Adding bluetooth signal: ['2204', 'sig', 'Reciever', 'Right']
2018-01-08 17:46:27,109 - FileHandler - DEBUG - Adding bluetooth signal: ['2205', 'sig', 'Reciever', 'VolUp']
2018-01-08 17:46:27,109 - FileHandler - DEBUG - Adding bluetooth signal: ['2206', 'sig', 'Reciever', 'VolDown']
2018-01-08 17:46:27,110 - FileHandler - DEBUG - Adding bluetooth signal: ['2209', 'sig', 'Reciever', 'Enter']
2018-01-08 17:46:27,111 - FileHandler - DEBUG - Adding bluetooth signal: ['2210', 'sig', 'Reciever', 'Menu']
2018-01-08 17:46:27,112 - FileHandler - DEBUG - Adding bluetooth signal: ['4100', 'sig', 'AppleTV', 'Home']
2018-01-08 17:46:27,113 - FileHandler - DEBUG - Adding bluetooth signal: ['4201', 'sig', 'AppleTV', 'Up']
2018-01-08 17:46:27,114 - FileHandler - DEBUG - Adding bluetooth signal: ['4202', 'sig', 'AppleTV', 'Down']
2018-01-08 17:46:27,115 - FileHandler - DEBUG - Adding bluetooth signal: ['4203', 'sig', 'AppleTV', 'Left']
2018-01-08 17:46:27,116 - FileHandler - DEBUG - Adding bluetooth signal: ['4204', 'sig', 'AppleTV', 'Right']
2018-01-08 17:46:27,117 - FileHandler - DEBUG - Adding bluetooth signal: ['4209', 'sig', 'AppleTV', 'Enter']
2018-01-08 17:46:27,118 - FileHandler - DEBUG - Adding bluetooth signal: ['4210', 'sig', 'AppleTV', 'Menu']
2018-01-08 17:46:27,120 - FileHandler - DEBUG - Adding bluetooth signal: ['5100', 'sig', 'Projector', 'On']
2018-01-08 17:46:27,122 - FileHandler - DEBUG - Adding bluetooth signal: ['5101', 'sig', 'Projector', 'Off']
2018-01-08 17:46:27,125 - FileHandler - DEBUG - Adding bluetooth signal: ['5201', 'sig', 'Projector', 'Up']
2018-01-08 17:46:27,126 - FileHandler - DEBUG - Adding bluetooth signal: ['5202', 'sig', 'Projector', 'Down']
2018-01-08 17:46:27,127 - FileHandler - DEBUG - Adding bluetooth signal: ['5203', 'sig', 'Projector', 'Left']
2018-01-08 17:46:27,129 - FileHandler - DEBUG - Adding bluetooth signal: ['5204', 'sig', 'Projector', 'Right']
2018-01-08 17:46:27,130 - FileHandler - DEBUG - Adding bluetooth signal: ['5210', 'sig', 'Projector', 'Menu']
2018-01-08 17:46:27,131 - FileHandler - DEBUG - Adding bluetooth signal: ['7000', 'sig', 'Canvas', 'Down']
2018-01-08 17:46:27,133 - FileHandler - DEBUG - Adding bluetooth signal: ['7001', 'sig', 'Canvas', 'Up']
2018-01-08 19:02:13,666 - FileHandler - DEBUG - Attempting to read: ./SignalFiles/IRSignals
2018-01-08 19:02:13,666 - FileHandler - DEBUG - File ./SignalFiles/IRSignals read
2018-01-08 19:02:13,670 - FileHandler - DEBUG - Performing backup of ./SignalFiles/IRSignals
2018-01-08 19:02:13,673 - FileHandler - DEBUG - Attempting to save JSON to: ./SignalFiles/IRSignals
2018-01-08 19:02:13,701 - FileHandler - DEBUG - Saved JSON to: ./SignalFiles/IRSignals
2018-01-08 19:02:14,923 - FileHandler - DEBUG - Attempting to read: ./SignalFiles/IRSignals
2018-01-08 19:02:14,924 - FileHandler - DEBUG - File ./SignalFiles/IRSignals read
2018-01-08 19:02:14,932 - FileHandler - DEBUG - Attempting to read sequence file: ./SignalFiles/Sequences
2018-01-08 19:02:14,933 - FileHandler - DEBUG - Successfully read sequence file: ./SignalFiles/Sequences
2018-01-08 19:02:14,935 - FileHandler - DEBUG - Successfully parsed sequences from file: ./SignalFiles/Sequences into dictionary
2018-01-08 19:02:14,936 - FileHandler - DEBUG - Attempting to read Bluetooth signals file: ./SignalFiles/BluetoothSignals
2018-01-08 19:02:14,937 - FileHandler - DEBUG - Successfully read Bluetooth signals file: ./SignalFiles/BluetoothSignals
2018-01-08 19:02:14,938 - FileHandler - DEBUG - Starting to add bluetooth signals
2018-01-08 19:02:14,939 - FileHandler - DEBUG - Adding bluetooth signal: ['2100', 'sig', 'Reciever', 'On']
2018-01-08 19:02:14,940 - FileHandler - DEBUG - Adding bluetooth signal: ['2101', 'sig', 'Reciever', 'Off']
2018-01-08 19:02:14,941 - FileHandler - DEBUG - Adding bluetooth signal: ['2201', 'sig', 'Reciever', 'Up']
2018-01-08 19:02:14,942 - FileHandler - DEBUG - Adding bluetooth signal: ['2202', 'sig', 'Reciever', 'Down']
2018-01-08 19:02:14,943 - FileHandler - DEBUG - Adding bluetooth signal: ['2203', 'sig', 'Reciever', 'Left']
2018-01-08 19:02:14,944 - FileHandler - DEBUG - Adding bluetooth signal: ['2204', 'sig', 'Reciever', 'Right']
2018-01-08 19:02:14,945 - FileHandler - DEBUG - Adding bluetooth signal: ['2205', 'sig', 'Reciever', 'VolUp']
2018-01-08 19:02:14,945 - FileHandler - DEBUG - Adding bluetooth signal: ['2206', 'sig', 'Reciever', 'VolDown']
2018-01-08 19:02:14,946 - FileHandler - DEBUG - Adding bluetooth signal: ['2209', 'sig', 'Reciever', 'Enter']
2018-01-08 19:02:14,947 - FileHandler - DEBUG - Adding bluetooth signal: ['2210', 'sig', 'Reciever', 'Menu']
2018-01-08 19:02:14,948 - FileHandler - DEBUG - Adding bluetooth signal: ['4100', 'sig', 'AppleTV', 'Home']
2018-01-08 19:02:14,949 - FileHandler - DEBUG - Adding bluetooth signal: ['4201', 'sig', 'AppleTV', 'Up']
2018-01-08 19:02:14,950 - FileHandler - DEBUG - Adding bluetooth signal: ['4202', 'sig', 'AppleTV', 'Down']
2018-01-08 19:02:14,951 - FileHandler - DEBUG - Adding bluetooth signal: ['4203', 'sig', 'AppleTV', 'Left']
2018-01-08 19:02:14,951 - FileHandler - DEBUG - Adding bluetooth signal: ['4204', 'sig', 'AppleTV', 'Right']
2018-01-08 19:02:14,953 - FileHandler - DEBUG - Adding bluetooth signal: ['4209', 'sig', 'AppleTV', 'Enter']
2018-01-08 19:02:14,954 - FileHandler - DEBUG - Adding bluetooth signal: ['4210', 'sig', 'AppleTV', 'Menu']
2018-01-08 19:02:14,955 - FileHandler - DEBUG - Adding bluetooth signal: ['5100', 'sig', 'Projector', 'On']
2018-01-08 19:02:14,957 - FileHandler - DEBUG - Adding bluetooth signal: ['5101', 'sig', 'Projector', 'Off']
2018-01-08 19:02:14,959 - FileHandler - DEBUG - Adding bluetooth signal: ['5201', 'sig', 'Projector', 'Up']
2018-01-08 19:02:14,961 - FileHandler - DEBUG - Adding bluetooth signal: ['5202', 'sig', 'Projector', 'Down']
2018-01-08 19:02:14,963 - FileHandler - DEBUG - Adding bluetooth signal: ['5203', 'sig', 'Projector', 'Left']
2018-01-08 19:02:14,964 - FileHandler - DEBUG - Adding bluetooth signal: ['5204', 'sig', 'Projector', 'Right']
2018-01-08 19:02:14,965 - FileHandler - DEBUG - Adding bluetooth signal: ['5210', 'sig', 'Projector', 'Menu']
2018-01-08 19:02:14,966 - FileHandler - DEBUG - Adding bluetooth signal: ['7000', 'sig', 'Canvas', 'Down']
2018-01-08 19:02:14,967 - FileHandler - DEBUG - Adding bluetooth signal: ['7001', 'sig', 'Canvas', 'Up']
